Arguments: 
  D:\Program Files\nodejs\node.exe C:\Users\Administrator\AppData\Roaming\npm\node_modules\yarn\bin\yarn.js install

PATH: 
  C:\Windows\system32;C:\Windows;C:\Windows\System32\Wbem;C:\Windows\System32\WindowsPowerShell\v1.0\;C:\Windows\System32\OpenSSH\;D:\Program Files\python\Scripts;C:\Program Files\Git\cmd;C:\ProgramData\chocolatey\bin;D:\Program Files\nodejs\;D:\Python310\Scripts\;D:\Python310\;C:\Users\Administrator\AppData\Local\Microsoft\WindowsApps;D:\Program Files\Git;D:\Program Files\nodejs;C:\Users\Administrator\AppData\Local\Programs\Microsoft VS Code\bin;D:\Program Files\Microsoft VS Code\Microsoft VS Code\bin;C:\Users\Administrator\AppData\Local\Pandoc\;D:\Program Files\nodejs\node_modules\npm\bin;C:\Users\Administrator\AppData\Roaming\npm\node_modules\yarn\bin;C:\Users\Administrator\AppData\Roaming\npm

Yarn version: 
  1.22.19

Node version: 
  16.15.1

Platform: 
  win32 x64

Trace: 
  SyntaxError: D:\_working\website\package.json: Unexpected token / in JSON at position 359
      at JSON.parse (<anonymous>)
      at C:\Users\Administrator\AppData\Roaming\npm\node_modules\yarn\lib\cli.js:1629:59
      at Generator.next (<anonymous>)
      at step (C:\Users\Administrator\AppData\Roaming\npm\node_modules\yarn\lib\cli.js:310:30)
      at C:\Users\Administrator\AppData\Roaming\npm\node_modules\yarn\lib\cli.js:321:13

npm manifest: 
  {
    "name": "website",
    "version": "2.0.0",
    "description": "A project of vuepress-theme-hope",
    "license": "MIT",
    "scripts": {
      "docs:build": "vuepress build ./",
      "docs:clean-dev": "vuepress dev ./ --clean-cache",
      "docs:dev": "vuepress dev ./"
    },
    "devDependencies": {
     
    },
    "dependencies": {
      "npm-check-updates": "^15.3.3"
    }
  }
  // "@vuepress/client": "^2.0.0-beta.48",
  // "@vuepress/plugin-docsearch": "^2.0.0-alpha.1",
  // "@vuepress/plugin-search": "^2.0.0-beta.48",
  // "vue": "^3.2.37",
  // "vuepress": "^2.0.0-beta.48",
  // "vuepress-theme-hope": "^2.0.0-beta.86"

yarn manifest: 
  No manifest

Lockfile: 
  # THIS IS AN AUTOGENERATED FILE. DO NOT EDIT THIS FILE DIRECTLY.
  # yarn lockfile v1
  
  
  "@gar/promisify@^1.1.3":
    version "1.1.3"
    resolved "https://registry.npmjs.org/@gar/promisify/-/promisify-1.1.3.tgz"
    integrity sha512-k2Ty1JcVojjJFwrg/ThKi2ujJ7XNLYaFGNB/bWT9wGR+oSMJHMa5w+CUq6p/pVrKeNNgA7pCqEcjSnHVoqJQFw==
  
  "@nodelib/fs.scandir@2.1.5":
    version "2.1.5"
    resolved "https://registry.npmjs.org/@nodelib/fs.scandir/-/fs.scandir-2.1.5.tgz"
    integrity sha512-vq24Bq3ym5HEQm2NKCr3yXDwjc7vTsEThRDnkp2DK9p1uqLR+DHurm/NOTo0KG7HYHU7eppKZj3MyqYuMBf62g==
    dependencies:
      "@nodelib/fs.stat" "2.0.5"
      run-parallel "^1.1.9"
  
  "@nodelib/fs.stat@2.0.5", "@nodelib/fs.stat@^2.0.2":
    version "2.0.5"
    resolved "https://registry.npmjs.org/@nodelib/fs.stat/-/fs.stat-2.0.5.tgz"
    integrity sha512-RkhPPp2zrqDAQA/2jNhnztcPAlv64XdhIp7a7454A5ovI7Bukxgt7MX7udwAu3zg1DcpPU0rz3VV1SeaqvY4+A==
  
  "@nodelib/fs.walk@^1.2.3":
    version "1.2.8"
    resolved "https://registry.npmjs.org/@nodelib/fs.walk/-/fs.walk-1.2.8.tgz"
    integrity sha512-oGB+UxlgWcgQkgwo8GcEGwemoTFt3FIO9ababBmaGwXIoBKZ+GTy0pP185beGg7Llih/NSHSV2XAs1lnznocSg==
    dependencies:
      "@nodelib/fs.scandir" "2.1.5"
      fastq "^1.6.0"
  
  "@npmcli/fs@^2.1.0":
    version "2.1.0"
    resolved "https://registry.npmjs.org/@npmcli/fs/-/fs-2.1.0.tgz"
    integrity sha512-DmfBvNXGaetMxj9LTp8NAN9vEidXURrf5ZTslQzEAi/6GbW+4yjaLFQc6Tue5cpZ9Frlk4OBo/Snf1Bh/S7qTQ==
    dependencies:
      "@gar/promisify" "^1.1.3"
      semver "^7.3.5"
  
  "@npmcli/git@^3.0.0":
    version "3.0.1"
    resolved "https://registry.npmjs.org/@npmcli/git/-/git-3.0.1.tgz"
    integrity sha512-UU85F/T+F1oVn3IsB/L6k9zXIMpXBuUBE25QDH0SsURwT6IOBqkC7M16uqo2vVZIyji3X1K4XH9luip7YekH1A==
    dependencies:
      "@npmcli/promise-spawn" "^3.0.0"
      lru-cache "^7.4.4"
      mkdirp "^1.0.4"
      npm-pick-manifest "^7.0.0"
      proc-log "^2.0.0"
      promise-inflight "^1.0.1"
      promise-retry "^2.0.1"
      semver "^7.3.5"
      which "^2.0.2"
  
  "@npmcli/installed-package-contents@^1.0.7":
    version "1.0.7"
    resolved "https://registry.npmjs.org/@npmcli/installed-package-contents/-/installed-package-contents-1.0.7.tgz"
    integrity sha512-9rufe0wnJusCQoLpV9ZPKIVP55itrM5BxOXs10DmdbRfgWtHy1LDyskbwRnBghuB0PrF7pNPOqREVtpz4HqzKw==
    dependencies:
      npm-bundled "^1.1.1"
      npm-normalize-package-bin "^1.0.1"
  
  "@npmcli/move-file@^2.0.0":
    version "2.0.0"
    resolved "https://registry.npmjs.org/@npmcli/move-file/-/move-file-2.0.0.tgz"
    integrity sha512-UR6D5f4KEGWJV6BGPH3Qb2EtgH+t+1XQ1Tt85c7qicN6cezzuHPdZwwAxqZr4JLtnQu0LZsTza/5gmNmSl8XLg==
    dependencies:
      mkdirp "^1.0.4"
      rimraf "^3.0.2"
  
  "@npmcli/node-gyp@^2.0.0":
    version "2.0.0"
    resolved "https://registry.npmjs.org/@npmcli/node-gyp/-/node-gyp-2.0.0.tgz"
    integrity sha512-doNI35wIe3bBaEgrlPfdJPaCpUR89pJWep4Hq3aRdh6gKazIVWfs0jHttvSSoq47ZXgC7h73kDsUl8AoIQUB+A==
  
  "@npmcli/promise-spawn@^3.0.0":
    version "3.0.0"
    resolved "https://registry.npmjs.org/@npmcli/promise-spawn/-/promise-spawn-3.0.0.tgz"
    integrity sha512-s9SgS+p3a9Eohe68cSI3fi+hpcZUmXq5P7w0kMlAsWVtR7XbK3ptkZqKT2cK1zLDObJ3sR+8P59sJE0w/KTL1g==
    dependencies:
      infer-owner "^1.0.4"
  
  "@npmcli/run-script@^4.1.0":
    version "4.1.7"
    resolved "https://registry.npmjs.org/@npmcli/run-script/-/run-script-4.1.7.tgz"
    integrity sha512-WXr/MyM4tpKA4BotB81NccGAv8B48lNH0gRoILucbcAhTQXLCoi6HflMV3KdXubIqvP9SuLsFn68Z7r4jl+ppw==
    dependencies:
      "@npmcli/node-gyp" "^2.0.0"
      "@npmcli/promise-spawn" "^3.0.0"
      node-gyp "^9.0.0"
      read-package-json-fast "^2.0.3"
      which "^2.0.2"
  
  "@pnpm/network.ca-file@^1.0.1":
    version "1.0.1"
    resolved "https://registry.npmjs.org/@pnpm/network.ca-file/-/network.ca-file-1.0.1.tgz"
    integrity sha512-gkINruT2KUhZLTaiHxwCOh1O4NVnFT0wLjWFBHmTz9vpKag/C/noIMJXBxFe4F0mYpUVX2puLwAieLYFg2NvoA==
    dependencies:
      graceful-fs "4.2.10"
  
  "@pnpm/npm-conf@^1.0.4":
    version "1.0.4"
    resolved "https://registry.npmjs.org/@pnpm/npm-conf/-/npm-conf-1.0.4.tgz"
    integrity sha512-o5YFq/+ksEJMbSzzkaQDHlp00aonLDU5xNPVTRL12hTWBbVSSeWXxPukq75h+mvXnoOWT95vV2u1HSTw2C4XOw==
    dependencies:
      "@pnpm/network.ca-file" "^1.0.1"
      config-chain "^1.1.11"
  
  "@sindresorhus/is@^4.6.0":
    version "4.6.0"
    resolved "https://registry.npmjs.org/@sindresorhus/is/-/is-4.6.0.tgz"
    integrity sha512-t09vSN3MdfsyCHoFcTRCH/iUtG7OJ0CsjzB8cjAmKc/va/kIgeDI/TxsigdncE/4be734m0cvIYwNaV4i2XqAw==
  
  "@szmarczak/http-timer@^5.0.1":
    version "5.0.1"
    resolved "https://registry.npmjs.org/@szmarczak/http-timer/-/http-timer-5.0.1.tgz"
    integrity sha512-+PmQX0PiAYPMeVYe237LJAYvOMYW1j2rH5YROyS3b4CTVJum34HfRvKvAzozHAQG0TnHNdUfY9nCeUyRAs//cw==
    dependencies:
      defer-to-connect "^2.0.1"
  
  "@tootallnate/once@2":
    version "2.0.0"
    resolved "https://registry.npmjs.org/@tootallnate/once/-/once-2.0.0.tgz"
    integrity sha512-XCuKFP5PS55gnMVu3dty8KPatLqUoy/ZYzDzAGCQ8JNFCkLXzmI7vNHCR+XpbZaMWQK/vQubr7PkYq8g470J/A==
  
  "@types/cacheable-request@^6.0.2":
    version "6.0.2"
    resolved "https://registry.npmjs.org/@types/cacheable-request/-/cacheable-request-6.0.2.tgz"
    integrity sha512-B3xVo+dlKM6nnKTcmm5ZtY/OL8bOAOd2Olee9M1zft65ox50OzjEHW91sDiU9j6cvW8Ejg1/Qkf4xd2kugApUA==
    dependencies:
      "@types/http-cache-semantics" "*"
      "@types/keyv" "*"
      "@types/node" "*"
      "@types/responselike" "*"
  
  "@types/http-cache-semantics@*":
    version "4.0.1"
    resolved "https://registry.npmjs.org/@types/http-cache-semantics/-/http-cache-semantics-4.0.1.tgz"
    integrity sha512-SZs7ekbP8CN0txVG2xVRH6EgKmEm31BOxA07vkFaETzZz1xh+cbt8BcI0slpymvwhx5dlFnQG2rTlPVQn+iRPQ==
  
  "@types/json-buffer@~3.0.0":
    version "3.0.0"
    resolved "https://registry.npmjs.org/@types/json-buffer/-/json-buffer-3.0.0.tgz"
    integrity sha512-3YP80IxxFJB4b5tYC2SUPwkg0XQLiu0nWvhRgEatgjf+29IcWO9X1k8xRv5DGssJ/lCrjYTjQPcobJr2yWIVuQ==
  
  "@types/keyv@*":
    version "3.1.4"
    resolved "https://registry.npmjs.org/@types/keyv/-/keyv-3.1.4.tgz"
    integrity sha512-BQ5aZNSCpj7D6K2ksrRCTmKRLEpnPvWDiLPfoGyhZ++8YtiK9d/3DBKPJgry359X/P1PfruyYwvnvwFjuEiEIg==
    dependencies:
      "@types/node" "*"
  
  "@types/node@*":
    version "18.0.4"
    resolved "https://registry.npmjs.org/@types/node/-/node-18.0.4.tgz"
    integrity sha512-M0+G6V0Y4YV8cqzHssZpaNCqvYwlCiulmm0PwpNLF55r/+cT8Ol42CHRU1SEaYFH2rTwiiE1aYg/2g2rrtGdPA==
  
  "@types/responselike@*", "@types/responselike@^1.0.0":
    version "1.0.0"
    resolved "https://registry.npmjs.org/@types/responselike/-/responselike-1.0.0.tgz"
    integrity sha512-85Y2BjiufFzaMIlvJDvTTB8Fxl2xfLo4HgmHzVBz08w4wDePCTjYw66PdrolO0kzli3yam/YCgRufyo1DdQVTA==
    dependencies:
      "@types/node" "*"
  
  abbrev@1:
    version "1.1.1"
    resolved "https://registry.npmjs.org/abbrev/-/abbrev-1.1.1.tgz"
    integrity sha512-nne9/IiQ/hzIhY6pdDnbBtz7DjPTKrY00P/zvPSm5pOFkl6xuGrGnXn/VtTNNfNtAfZ9/1RtehkszU9qcTii0Q==
  
  agent-base@6, agent-base@^6.0.2:
    version "6.0.2"
    resolved "https://registry.npmjs.org/agent-base/-/agent-base-6.0.2.tgz"
    integrity sha512-RZNwNclF7+MS/8bDg70amg32dyeZGZxiDuQmZxKLAlQjr3jGyLx+4Kkk58UO7D2QdgFIQCovuSuZESne6RG6XQ==
    dependencies:
      debug "4"
  
  agentkeepalive@^4.2.1:
    version "4.2.1"
    resolved "https://registry.npmjs.org/agentkeepalive/-/agentkeepalive-4.2.1.tgz"
    integrity sha512-Zn4cw2NEqd+9fiSVWMscnjyQ1a8Yfoc5oBajLeo5w+YBHgDUcEBY2hS4YpTz6iN5f/2zQiktcuM6tS8x1p9dpA==
    dependencies:
      debug "^4.1.0"
      depd "^1.1.2"
      humanize-ms "^1.2.1"
  
  aggregate-error@^3.0.0:
    version "3.1.0"
    resolved "https://registry.npmjs.org/aggregate-error/-/aggregate-error-3.1.0.tgz"
    integrity sha512-4I7Td01quW/RpocfNayFdFVk1qSuoh0E7JrbRJ16nH01HhKFQ88INq9Sd+nd72zqRySlr9BmDA8xlEJ6vJMrYA==
    dependencies:
      clean-stack "^2.0.0"
      indent-string "^4.0.0"
  
  ansi-align@^3.0.1:
    version "3.0.1"
    resolved "https://registry.npmjs.org/ansi-align/-/ansi-align-3.0.1.tgz"
    integrity sha512-IOfwwBF5iczOjp/WeY4YxyjqAFMQoZufdQWDd19SEExbVLNXqvpzSJ/M7Za4/sCPmQ0+GRquoA7bGcINcxew6w==
    dependencies:
      string-width "^4.1.0"
  
  ansi-regex@^5.0.1:
    version "5.0.1"
    resolved "https://registry.npmjs.org/ansi-regex/-/ansi-regex-5.0.1.tgz"
    integrity sha512-quJQXlTSUGL2LH9SUXo8VwsY4soanhgo6LNSm84E1LBcE8s3O0wpdiRzyR9z/ZZJMlMWv37qOOb9pdJlMUEKFQ==
  
  ansi-regex@^6.0.1:
    version "6.0.1"
    resolved "https://registry.npmjs.org/ansi-regex/-/ansi-regex-6.0.1.tgz"
    integrity sha512-n5M855fKb2SsfMIiFFoVrABHJC8QtHwVx+mHWP3QcEqBHYienj5dHSgjbxtC0WEZXYt4wcD6zrQElDPhFuZgfA==
  
  ansi-styles@^6.1.0:
    version "6.1.0"
    resolved "https://registry.npmjs.org/ansi-styles/-/ansi-styles-6.1.0.tgz"
    integrity sha512-VbqNsoz55SYGczauuup0MFUyXNQviSpFTj1RQtFzmQLk18qbVSpTFFGMT293rmDaQuKCT6InmbuEyUne4mTuxQ==
  
  "aproba@^1.0.3 || ^2.0.0":
    version "2.0.0"
    resolved "https://registry.npmjs.org/aproba/-/aproba-2.0.0.tgz"
    integrity sha512-lYe4Gx7QT+MKGbDsA+Z+he/Wtef0BiwDOlK/XkBrdfsh9J/jPPXbX0tE9x9cl27Tmu5gg3QUbUrQYa/y+KOHPQ==
  
  are-we-there-yet@^3.0.0:
    version "3.0.0"
    resolved "https://registry.npmjs.org/are-we-there-yet/-/are-we-there-yet-3.0.0.tgz"
    integrity sha512-0GWpv50YSOcLXaN6/FAKY3vfRbllXWV2xvfA/oKJF8pzFhWXPV+yjhJXDBbjscDYowv7Yw1A3uigpzn5iEGTyw==
    dependencies:
      delegates "^1.0.0"
      readable-stream "^3.6.0"
  
  argparse@^2.0.1:
    version "2.0.1"
    resolved "https://registry.npmjs.org/argparse/-/argparse-2.0.1.tgz"
    integrity sha512-8+9WqebbFzpX9OR+Wa6O29asIogeRMzcGtAINdpMHHyAg10f05aSFVBbcEqGf/PXw1EjAZ+q2/bEBg3DvurK3Q==
  
  array-union@^2.1.0:
    version "2.1.0"
    resolved "https://registry.npmjs.org/array-union/-/array-union-2.1.0.tgz"
    integrity sha512-HGyxoOTYUyCM6stUe6EJgnd4EoewAI7zMdfqO+kGjnlZmBDz/cR5pf8r/cR4Wq60sL/p0IkcjUEEPwS3GFrIyw==
  
  balanced-match@^1.0.0:
    version "1.0.2"
    resolved "https://registry.npmjs.org/balanced-match/-/balanced-match-1.0.2.tgz"
    integrity sha512-3oSeUO0TMV67hN1AmbXsK4yaqU7tjiHlbxRDZOpH0KW9+CeX4bRAaX0Anxt0tx2MrpRpWwQaPwIlISEJhYU5Pw==
  
  boxen@^7.0.0:
    version "7.0.0"
    resolved "https://registry.npmjs.org/boxen/-/boxen-7.0.0.tgz"
    integrity sha512-j//dBVuyacJbvW+tvZ9HuH03fZ46QcaKvvhZickZqtB271DxJ7SNRSNxrV/dZX0085m7hISRZWbzWlJvx/rHSg==
    dependencies:
      ansi-align "^3.0.1"
      camelcase "^7.0.0"
      chalk "^5.0.1"
      cli-boxes "^3.0.0"
      string-width "^5.1.2"
      type-fest "^2.13.0"
      widest-line "^4.0.1"
      wrap-ansi "^8.0.1"
  
  brace-expansion@^1.1.7:
    version "1.1.11"
    resolved "https://registry.npmjs.org/brace-expansion/-/brace-expansion-1.1.11.tgz"
    integrity sha512-iCuPHDFgrHX7H2vEI/5xpz07zSHB00TpugqhmYtVmMO6518mCuRMoOYFldEBl0g187ufozdaHgWKcYFb61qGiA==
    dependencies:
      balanced-match "^1.0.0"
      concat-map "0.0.1"
  
  brace-expansion@^2.0.1:
    version "2.0.1"
    resolved "https://registry.npmjs.org/brace-expansion/-/brace-expansion-2.0.1.tgz"
    integrity sha512-XnAIvQ8eM+kC6aULx6wuQiwVsnzsi9d3WxzV3FpWTGA19F621kwdbsAcFKXgKUHZWsy+mY6iL1sHTxWEFCytDA==
    dependencies:
      balanced-match "^1.0.0"
  
  braces@^3.0.2:
    version "3.0.2"
    resolved "https://registry.npmjs.org/braces/-/braces-3.0.2.tgz"
    integrity sha512-b8um+L1RzM3WDSzvhm6gIz1yfTbBt6YTlcEKAvsmqCZZFw46z626lVj9j1yEPW33H5H+lBQpZMP1k8l+78Ha0A==
    dependencies:
      fill-range "^7.0.1"
  
  buffer-from@^1.0.0:
    version "1.1.2"
    resolved "https://registry.npmjs.org/buffer-from/-/buffer-from-1.1.2.tgz"
    integrity sha512-E+XQCRwSbaaiChtv6k6Dwgc+bx+Bs6vuKJHHl5kox/BaKbhiXzqQOwK4cO22yElGp2OCmjwVhT3HmxgyPGnJfQ==
  
  builtins@^5.0.0:
    version "5.0.1"
    resolved "https://registry.npmjs.org/builtins/-/builtins-5.0.1.tgz"
    integrity sha512-qwVpFEHNfhYJIzNRBvd2C1kyo6jz3ZSMPyyuR47OPdiKWlbYnZNyDWuyR175qDnAJLiCo5fBBqPb3RiXgWlkOQ==
    dependencies:
      semver "^7.0.0"
  
  cacache@^16.0.0, cacache@^16.1.0:
    version "16.1.1"
    resolved "https://registry.npmjs.org/cacache/-/cacache-16.1.1.tgz"
    integrity sha512-VDKN+LHyCQXaaYZ7rA/qtkURU+/yYhviUdvqEv2LT6QPZU8jpyzEkEVAcKlKLt5dJ5BRp11ym8lo3NKLluEPLg==
    dependencies:
      "@npmcli/fs" "^2.1.0"
      "@npmcli/move-file" "^2.0.0"
      chownr "^2.0.0"
      fs-minipass "^2.1.0"
      glob "^8.0.1"
      infer-owner "^1.0.4"
      lru-cache "^7.7.1"
      minipass "^3.1.6"
      minipass-collect "^1.0.2"
      minipass-flush "^1.0.5"
      minipass-pipeline "^1.2.4"
      mkdirp "^1.0.4"
      p-map "^4.0.0"
      promise-inflight "^1.0.1"
      rimraf "^3.0.2"
      ssri "^9.0.0"
      tar "^6.1.11"
      unique-filename "^1.1.1"
  
  cacheable-lookup@^6.0.4:
    version "6.0.4"
    resolved "https://registry.npmjs.org/cacheable-lookup/-/cacheable-lookup-6.0.4.tgz"
    integrity sha512-mbcDEZCkv2CZF4G01kr8eBd/5agkt9oCqz75tJMSIsquvRZ2sL6Hi5zGVKi/0OSC9oO1GHfJ2AV0ZIOY9vye0A==
  
  cacheable-request@^7.0.2:
    version "7.0.2"
    resolved "https://registry.npmjs.org/cacheable-request/-/cacheable-request-7.0.2.tgz"
    integrity sha512-pouW8/FmiPQbuGpkXQ9BAPv/Mo5xDGANgSNXzTzJ8DrKGuXOssM4wIQRjfanNRh3Yu5cfYPvcorqbhg2KIJtew==
    dependencies:
      clone-response "^1.0.2"
      get-stream "^5.1.0"
      http-cache-semantics "^4.0.0"
      keyv "^4.0.0"
      lowercase-keys "^2.0.0"
      normalize-url "^6.0.1"
      responselike "^2.0.0"
  
  camelcase@^7.0.0:
    version "7.0.0"
    resolved "https://registry.npmjs.org/camelcase/-/camelcase-7.0.0.tgz"
    integrity sha512-JToIvOmz6nhGsUhAYScbo2d6Py5wojjNfoxoc2mEVLUdJ70gJK2gnd+ABY1Tc3sVMyK7QDPtN0T/XdlCQWITyQ==
  
  chalk@^5.0.1:
    version "5.0.1"
    resolved "https://registry.npmjs.org/chalk/-/chalk-5.0.1.tgz"
    integrity sha512-Fo07WOYGqMfCWHOzSXOt2CxDbC6skS/jO9ynEcmpANMoPrD+W1r1K6Vx7iNm+AQmETU1Xr2t+n8nzkV9t6xh3w==
  
  chownr@^2.0.0:
    version "2.0.0"
    resolved "https://registry.npmjs.org/chownr/-/chownr-2.0.0.tgz"
    integrity sha512-bIomtDF5KGpdogkLd9VspvFzk9KfpyyGlS8YFVZl7TGPBHL5snIOnxeshwVgPteQ9b4Eydl+pVbIyE1DcvCWgQ==
  
  ci-info@^3.2.0:
    version "3.3.2"
    resolved "https://registry.npmjs.org/ci-info/-/ci-info-3.3.2.tgz"
    integrity sha512-xmDt/QIAdeZ9+nfdPsaBCpMvHNLFiLdjj59qjqn+6iPe6YmHGQ35sBnQ8uslRBXFmXkiZQOJRjvQeoGppoTjjg==
  
  clean-stack@^2.0.0:
    version "2.2.0"
    resolved "https://registry.npmjs.org/clean-stack/-/clean-stack-2.2.0.tgz"
    integrity sha512-4diC9HaTE+KRAMWhDhrGOECgWZxoevMc5TlkObMqNSsVU62PYzXZ/SMTjzyGAFF1YusgxGcSWTEXBhp0CPwQ1A==
  
  cli-boxes@^3.0.0:
    version "3.0.0"
    resolved "https://registry.npmjs.org/cli-boxes/-/cli-boxes-3.0.0.tgz"
    integrity sha512-/lzGpEWL/8PfI0BmBOPRwp0c/wFNX1RdUML3jK/RcSBA9T8mZDdQpqYBKtCFTOfQbwPqWEOpjqW+Fnayc0969g==
  
  cli-table@^0.3.11:
    version "0.3.11"
    resolved "https://registry.npmjs.org/cli-table/-/cli-table-0.3.11.tgz"
    integrity sha512-IqLQi4lO0nIB4tcdTpN4LCB9FI3uqrJZK7RC515EnhZ6qBaglkIgICb1wjeAqpdoOabm1+SuQtkXIPdYC93jhQ==
    dependencies:
      colors "1.0.3"
  
  clone-response@^1.0.2:
    version "1.0.2"
    resolved "https://registry.npmjs.org/clone-response/-/clone-response-1.0.2.tgz"
    integrity sha512-yjLXh88P599UOyPTFX0POsd7WxnbsVsGohcwzHOLspIhhpalPw1BcqED8NblyZLKcGrL8dTgMlcaZxV2jAD41Q==
    dependencies:
      mimic-response "^1.0.0"
  
  color-support@^1.1.3:
    version "1.1.3"
    resolved "https://registry.npmjs.org/color-support/-/color-support-1.1.3.tgz"
    integrity sha512-qiBjkpbMLO/HL68y+lh4q0/O1MZFj2RX6X/KmMa3+gJD3z+WwI1ZzDHysvqHGS3mP6mznPckpXmw1nI9cJjyRg==
  
  colors@1.0.3:
    version "1.0.3"
    resolved "https://registry.npmjs.org/colors/-/colors-1.0.3.tgz"
    integrity sha512-pFGrxThWcWQ2MsAz6RtgeWe4NK2kUE1WfsrvvlctdII745EW9I0yflqhe7++M5LEc7bV2c/9/5zc8sFcpL0Drw==
  
  commander@^9.3.0:
    version "9.3.0"
    resolved "https://registry.npmjs.org/commander/-/commander-9.3.0.tgz"
    integrity sha512-hv95iU5uXPbK83mjrJKuZyFM/LBAoCV/XhVGkS5Je6tl7sxr6A0ITMw5WoRV46/UaJ46Nllm3Xt7IaJhXTIkzw==
  
  compress-brotli@^1.3.8:
    version "1.3.8"
    resolved "https://registry.npmjs.org/compress-brotli/-/compress-brotli-1.3.8.tgz"
    integrity sha512-lVcQsjhxhIXsuupfy9fmZUFtAIdBmXA7EGY6GBdgZ++qkM9zG4YFT8iU7FoBxzryNDMOpD1HIFHUSX4D87oqhQ==
    dependencies:
      "@types/json-buffer" "~3.0.0"
      json-buffer "~3.0.1"
  
  concat-map@0.0.1:
    version "0.0.1"
    resolved "https://registry.npmjs.org/concat-map/-/concat-map-0.0.1.tgz"
    integrity sha512-/Srv4dswyQNBfohGpz9o6Yb3Gz3SrUDqBH5rTuhGR7ahtlbYKnVxw2bCFMRljaA7EXHaXZ8wsHdodFvbkhKmqg==
  
  config-chain@^1.1.11:
    version "1.1.13"
    resolved "https://registry.npmjs.org/config-chain/-/config-chain-1.1.13.tgz"
    integrity sha512-qj+f8APARXHrM0hraqXYb2/bOVSV4PvJQlNZ/DVj0QrmNM2q2euizkeuVckQ57J+W0mRH6Hvi+k50M4Jul2VRQ==
    dependencies:
      ini "^1.3.4"
      proto-list "~1.2.1"
  
  configstore@^6.0.0:
    version "6.0.0"
    resolved "https://registry.npmjs.org/configstore/-/configstore-6.0.0.tgz"
    integrity sha512-cD31W1v3GqUlQvbBCGcXmd2Nj9SvLDOP1oQ0YFuLETufzSPaKp11rYBsSOm7rCsW3OnIRAFM3OxRhceaXNYHkA==
    dependencies:
      dot-prop "^6.0.1"
      graceful-fs "^4.2.6"
      unique-string "^3.0.0"
      write-file-atomic "^3.0.3"
      xdg-basedir "^5.0.1"
  
  console-control-strings@^1.1.0:
    version "1.1.0"
    resolved "https://registry.npmjs.org/console-control-strings/-/console-control-strings-1.1.0.tgz"
    integrity sha512-ty/fTekppD2fIwRvnZAVdeOiGd1c7YXEixbgJTNzqcxJWKQnjJ/V1bNEEE6hygpM3WjwHFUVK6HTjWSzV4a8sQ==
  
  crypto-random-string@^4.0.0:
    version "4.0.0"
    resolved "https://registry.npmjs.org/crypto-random-string/-/crypto-random-string-4.0.0.tgz"
    integrity sha512-x8dy3RnvYdlUcPOjkEHqozhiwzKNSq7GcPuXFbnyMOCHxX8V3OgIg/pYuabl2sbUPfIJaeAQB7PMOK8DFIdoRA==
    dependencies:
      type-fest "^1.0.1"
  
  debug@4, debug@^4.1.0, debug@^4.1.1, debug@^4.3.3:
    version "4.3.4"
    resolved "https://registry.npmjs.org/debug/-/debug-4.3.4.tgz"
    integrity sha512-PRWFHuSU3eDtQJPvnNY7Jcket1j0t5OuOsFzPPzsekD52Zl8qUfFIPEiswXqIvHWGVHOgX+7G/vCNNhehwxfkQ==
    dependencies:
      ms "2.1.2"
  
  decompress-response@^6.0.0:
    version "6.0.0"
    resolved "https://registry.npmjs.org/decompress-response/-/decompress-response-6.0.0.tgz"
    integrity sha512-aW35yZM6Bb/4oJlZncMH2LCoZtJXTRxES17vE3hoRiowU2kWHaJKFkSBDnDR+cm9J+9QhXmREyIfv0pji9ejCQ==
    dependencies:
      mimic-response "^3.1.0"
  
  deep-extend@^0.6.0:
    version "0.6.0"
    resolved "https://registry.npmjs.org/deep-extend/-/deep-extend-0.6.0.tgz"
    integrity sha512-LOHxIOaPYdHlJRtCQfDIVZtfw/ufM8+rVj649RIHzcm/vGwQRXFt6OPqIFWsm2XEMrNIEtWR64sY1LEKD2vAOA==
  
  defer-to-connect@^2.0.1:
    version "2.0.1"
    resolved "https://registry.npmjs.org/defer-to-connect/-/defer-to-connect-2.0.1.tgz"
    integrity sha512-4tvttepXG1VaYGrRibk5EwJd1t4udunSOVMdLSAL6mId1ix438oPwPZMALY41FCijukO1L0twNcGsdzS7dHgDg==
  
  delegates@^1.0.0:
    version "1.0.0"
    resolved "https://registry.npmjs.org/delegates/-/delegates-1.0.0.tgz"
    integrity sha512-bd2L678uiWATM6m5Z1VzNCErI3jiGzt6HGY8OVICs40JQq/HALfbyNJmp0UDakEY4pMMaN0Ly5om/B1VI/+xfQ==
  
  depd@^1.1.2:
    version "1.1.2"
    resolved "https://registry.npmjs.org/depd/-/depd-1.1.2.tgz"
    integrity sha512-7emPTl6Dpo6JRXOXjLRxck+FlLRX5847cLKEn00PLAgc3g2hTZZgr+e4c2v6QpSmLeFP3n5yUo7ft6avBK/5jQ==
  
  dir-glob@^3.0.1:
    version "3.0.1"
    resolved "https://registry.npmjs.org/dir-glob/-/dir-glob-3.0.1.tgz"
    integrity sha512-WkrWp9GR4KXfKGYzOLmTuGVi1UWFfws377n9cc55/tb6DuqyF6pcQ5AbiHEshaDpY9v6oaSr2XCDidGmMwdzIA==
    dependencies:
      path-type "^4.0.0"
  
  dot-prop@^6.0.1:
    version "6.0.1"
    resolved "https://registry.npmjs.org/dot-prop/-/dot-prop-6.0.1.tgz"
    integrity sha512-tE7ztYzXHIeyvc7N+hR3oi7FIbf/NIjVP9hmAt3yMXzrQ072/fpjGLx2GxNxGxUl5V73MEqYzioOMoVhGMJ5cA==
    dependencies:
      is-obj "^2.0.0"
  
  eastasianwidth@^0.2.0:
    version "0.2.0"
    resolved "https://registry.npmjs.org/eastasianwidth/-/eastasianwidth-0.2.0.tgz"
    integrity sha512-I88TYZWc9XiYHRQ4/3c5rjjfgkjhLyW2luGIheGERbNQ6OY7yTybanSpDXZa8y7VUP9YmDcYa+eyq4ca7iLqWA==
  
  emoji-regex@^8.0.0:
    version "8.0.0"
    resolved "https://registry.npmjs.org/emoji-regex/-/emoji-regex-8.0.0.tgz"
    integrity sha512-MSjYzcWNOA0ewAHpz0MxpYFvwg6yjy1NG3xteoqz644VCo/RPgnr1/GGt+ic3iJTzQ8Eu3TdM14SawnVUmGE6A==
  
  emoji-regex@^9.2.2:
    version "9.2.2"
    resolved "https://registry.npmjs.org/emoji-regex/-/emoji-regex-9.2.2.tgz"
    integrity sha512-L18DaJsXSUk2+42pv8mLs5jJT2hqFkFE4j21wOmgbUqsZ2hL72NsUU785g9RXgo3s0ZNgVl42TiHp3ZtOv/Vyg==
  
  encoding@^0.1.13:
    version "0.1.13"
    resolved "https://registry.npmjs.org/encoding/-/encoding-0.1.13.tgz"
    integrity sha512-ETBauow1T35Y/WZMkio9jiM0Z5xjHHmJ4XmjZOq1l/dXz3lr2sRn87nJy20RupqSh1F2m3HHPSp8ShIPQJrJ3A==
    dependencies:
      iconv-lite "^0.6.2"
  
  end-of-stream@^1.1.0:
    version "1.4.4"
    resolved "https://registry.npmjs.org/end-of-stream/-/end-of-stream-1.4.4.tgz"
    integrity sha512-+uw1inIHVPQoaVuHzRyXd21icM+cnt4CzD5rW+NC1wjOUSTOs+Te7FOv7AhN7vS9x/oIyhLP5PR1H+phQAHu5Q==
    dependencies:
      once "^1.4.0"
  
  env-paths@^2.2.0:
    version "2.2.1"
    resolved "https://registry.npmjs.org/env-paths/-/env-paths-2.2.1.tgz"
    integrity sha512-+h1lkLKhZMTYjog1VEpJNG7NZJWcuc2DDk/qsqSTRRCOXiLjeQ1d1/udrUGhqMxUgAlwKNZ0cf2uqan5GLuS2A==
  
  err-code@^2.0.2:
    version "2.0.3"
    resolved "https://registry.npmjs.org/err-code/-/err-code-2.0.3.tgz"
    integrity sha512-2bmlRpNKBxT/CRmPOlyISQpNj+qSeYvcym/uT0Jx2bMOlKLtSy1ZmLuVxSEKKyor/N5yhvp/ZiG1oE3DEYMSFA==
  
  escape-goat@^4.0.0:
    version "4.0.0"
    resolved "https://registry.npmjs.org/escape-goat/-/escape-goat-4.0.0.tgz"
    integrity sha512-2Sd4ShcWxbx6OY1IHyla/CVNwvg7XwZVoXZHcSu9w9SReNP1EzzD5T8NWKIR38fIqEns9kDWKUQTXXAmlDrdPg==
  
  fast-glob@^3.2.9:
    version "3.2.11"
    resolved "https://registry.npmjs.org/fast-glob/-/fast-glob-3.2.11.tgz"
    integrity sha512-xrO3+1bxSo3ZVHAnqzyuewYT6aMFHRAd4Kcs92MAonjwQZLsK9d0SF1IyQ3k5PoirxTW0Oe/RqFgMQ6TcNE5Ew==
    dependencies:
      "@nodelib/fs.stat" "^2.0.2"
      "@nodelib/fs.walk" "^1.2.3"
      glob-parent "^5.1.2"
      merge2 "^1.3.0"
      micromatch "^4.0.4"
  
  fast-memoize@^2.5.2:
    version "2.5.2"
    resolved "https://registry.npmjs.org/fast-memoize/-/fast-memoize-2.5.2.tgz"
    integrity sha512-Ue0LwpDYErFbmNnZSF0UH6eImUwDmogUO1jyE+JbN2gsQz/jICm1Ve7t9QT0rNSsfJt+Hs4/S3GnsDVjL4HVrw==
  
  fastq@^1.6.0:
    version "1.13.0"
    resolved "https://registry.npmjs.org/fastq/-/fastq-1.13.0.tgz"
    integrity sha512-YpkpUnK8od0o1hmeSc7UUs/eB/vIPWJYjKck2QKIzAf71Vm1AAQ3EbuZB3g2JIy+pg+ERD0vqI79KyZiB2e2Nw==
    dependencies:
      reusify "^1.0.4"
  
  fill-range@^7.0.1:
    version "7.0.1"
    resolved "https://registry.npmjs.org/fill-range/-/fill-range-7.0.1.tgz"
    integrity sha512-qOo9F+dMUmC2Lcb4BbVvnKJxTPjCm+RRpe4gDuGrzkL7mEVl/djYSu2OdQ2Pa302N4oqkSg9ir6jaLWJ2USVpQ==
    dependencies:
      to-regex-range "^5.0.1"
  
  find-up@5.0.0:
    version "5.0.0"
    resolved "https://registry.npmjs.org/find-up/-/find-up-5.0.0.tgz"
    integrity sha512-78/PXT1wlLLDgTzDs7sjq9hzz0vXD+zn+7wypEe4fXQxCmdmqfGsEPQxmiCSQI3ajFV91bVSsvNtrJRiW6nGng==
    dependencies:
      locate-path "^6.0.0"
      path-exists "^4.0.0"
  
  form-data-encoder@1.7.1:
    version "1.7.1"
    resolved "https://registry.npmjs.org/form-data-encoder/-/form-data-encoder-1.7.1.tgz"
    integrity sha512-EFRDrsMm/kyqbTQocNvRXMLjc7Es2Vk+IQFx/YW7hkUH1eBl4J1fqiP34l74Yt0pFLCNpc06fkbVk00008mzjg==
  
  fp-and-or@^0.1.3:
    version "0.1.3"
    resolved "https://registry.npmjs.org/fp-and-or/-/fp-and-or-0.1.3.tgz"
    integrity sha512-wJaE62fLaB3jCYvY2ZHjZvmKK2iiLiiehX38rz5QZxtdN8fVPJDeZUiVvJrHStdTc+23LHlyZuSEKgFc0pxi2g==
  
  fs-minipass@^2.0.0, fs-minipass@^2.1.0:
    version "2.1.0"
    resolved "https://registry.npmjs.org/fs-minipass/-/fs-minipass-2.1.0.tgz"
    integrity sha512-V/JgOLFCS+R6Vcq0slCuaeWEdNC3ouDlJMNIsacH2VtALiu9mV4LPrHc5cDl8k5aw6J8jwgWWpiTo5RYhmIzvg==
    dependencies:
      minipass "^3.0.0"
  
  fs.realpath@^1.0.0:
    version "1.0.0"
    resolved "https://registry.npmjs.org/fs.realpath/-/fs.realpath-1.0.0.tgz"
    integrity sha512-OO0pH2lK6a0hZnAdau5ItzHPI6pUlvI7jMVnxUQRtw4owF2wk8lOSabtGDCTP4Ggrg2MbGnWO9X8K1t4+fGMDw==
  
  function-bind@^1.1.1:
    version "1.1.1"
    resolved "https://registry.npmjs.org/function-bind/-/function-bind-1.1.1.tgz"
    integrity sha512-yIovAzMX49sF8Yl58fSCWJ5svSLuaibPxXQJFLmBObTuCr0Mf1KiPopGM9NiFjiYBCbfaa2Fh6breQ6ANVTI0A==
  
  gauge@^4.0.3:
    version "4.0.4"
    resolved "https://registry.npmjs.org/gauge/-/gauge-4.0.4.tgz"
    integrity sha512-f9m+BEN5jkg6a0fZjleidjN51VE1X+mPFQ2DJ0uv1V39oCLCbsGe6yjbBnp7eK7z/+GAon99a3nHuqbuuthyPg==
    dependencies:
      aproba "^1.0.3 || ^2.0.0"
      color-support "^1.1.3"
      console-control-strings "^1.1.0"
      has-unicode "^2.0.1"
      signal-exit "^3.0.7"
      string-width "^4.2.3"
      strip-ansi "^6.0.1"
      wide-align "^1.1.5"
  
  get-stdin@^8.0.0:
    version "8.0.0"
    resolved "https://registry.npmjs.org/get-stdin/-/get-stdin-8.0.0.tgz"
    integrity sha512-sY22aA6xchAzprjyqmSEQv4UbAAzRN0L2dQB0NlN5acTTK9Don6nhoc3eAbUnpZiCANAMfd/+40kVdKfFygohg==
  
  get-stream@^5.1.0:
    version "5.2.0"
    resolved "https://registry.npmjs.org/get-stream/-/get-stream-5.2.0.tgz"
    integrity sha512-nBF+F1rAZVCu/p7rjzgA+Yb4lfYXrpl7a6VmJrU8wF9I1CKvP/QwPNZHnOlwbTkY6dvtFIzFMSyQXbLoTQPRpA==
    dependencies:
      pump "^3.0.0"
  
  get-stream@^6.0.1:
    version "6.0.1"
    resolved "https://registry.npmjs.org/get-stream/-/get-stream-6.0.1.tgz"
    integrity sha512-ts6Wi+2j3jQjqi70w5AlN8DFnkSwC+MqmxEzdEALB2qXZYV3X/b1CTfgPLGJNMeAWxdPfU8FO1ms3NUfaHCPYg==
  
  glob-parent@^5.1.2:
    version "5.1.2"
    resolved "https://registry.npmjs.org/glob-parent/-/glob-parent-5.1.2.tgz"
    integrity sha512-AOIgSQCepiJYwP3ARnGx+5VnTu2HBYdzbGP45eLw1vr3zB3vZLeyed1sC9hnbcOc9/SrMyM5RPQrkGz4aS9Zow==
    dependencies:
      is-glob "^4.0.1"
  
  glob@^7.1.3, glob@^7.1.4:
    version "7.2.3"
    resolved "https://registry.npmjs.org/glob/-/glob-7.2.3.tgz"
    integrity sha512-nFR0zLpU2YCaRxwoCJvL6UvCH2JFyFVIvwTLsIf21AuHlMskA1hhTdk+LlYJtOlYt9v6dvszD2BGRqBL+iQK9Q==
    dependencies:
      fs.realpath "^1.0.0"
      inflight "^1.0.4"
      inherits "2"
      minimatch "^3.1.1"
      once "^1.3.0"
      path-is-absolute "^1.0.0"
  
  glob@^8.0.1:
    version "8.0.3"
    resolved "https://registry.npmjs.org/glob/-/glob-8.0.3.tgz"
    integrity sha512-ull455NHSHI/Y1FqGaaYFaLGkNMMJbavMrEGFXG/PGrg6y7sutWHUHrz6gy6WEBH6akM1M414dWKCNs+IhKdiQ==
    dependencies:
      fs.realpath "^1.0.0"
      inflight "^1.0.4"
      inherits "2"
      minimatch "^5.0.1"
      once "^1.3.0"
  
  global-dirs@^3.0.0:
    version "3.0.0"
    resolved "https://registry.npmjs.org/global-dirs/-/global-dirs-3.0.0.tgz"
    integrity sha512-v8ho2DS5RiCjftj1nD9NmnfaOzTdud7RRnVd9kFNOjqZbISlx5DQ+OrTkywgd0dIt7oFCvKetZSHoHcP3sDdiA==
    dependencies:
      ini "2.0.0"
  
  globby@^11.0.4:
    version "11.1.0"
    resolved "https://registry.npmjs.org/globby/-/globby-11.1.0.tgz"
    integrity sha512-jhIXaOzy1sb8IyocaruWSn1TjmnBVs8Ayhcy83rmxNJ8q2uWKCAj3CnJY+KpGSXCueAPc0i05kVvVKtP1t9S3g==
    dependencies:
      array-union "^2.1.0"
      dir-glob "^3.0.1"
      fast-glob "^3.2.9"
      ignore "^5.2.0"
      merge2 "^1.4.1"
      slash "^3.0.0"
  
  got@^12.1.0:
    version "12.1.0"
    resolved "https://registry.npmjs.org/got/-/got-12.1.0.tgz"
    integrity sha512-hBv2ty9QN2RdbJJMK3hesmSkFTjVIHyIDDbssCKnSmq62edGgImJWD10Eb1k77TiV1bxloxqcFAVK8+9pkhOig==
    dependencies:
      "@sindresorhus/is" "^4.6.0"
      "@szmarczak/http-timer" "^5.0.1"
      "@types/cacheable-request" "^6.0.2"
      "@types/responselike" "^1.0.0"
      cacheable-lookup "^6.0.4"
      cacheable-request "^7.0.2"
      decompress-response "^6.0.0"
      form-data-encoder "1.7.1"
      get-stream "^6.0.1"
      http2-wrapper "^2.1.10"
      lowercase-keys "^3.0.0"
      p-cancelable "^3.0.0"
      responselike "^2.0.0"
  
  graceful-fs@4.2.10, graceful-fs@^4.2.6:
    version "4.2.10"
    resolved "https://registry.npmjs.org/graceful-fs/-/graceful-fs-4.2.10.tgz"
    integrity sha512-9ByhssR2fPVsNZj478qUUbKfmL0+t5BDVyjShtyZZLiK7ZDAArFFfopyOTj0M05wE2tJPisA4iTnnXl2YoPvOA==
  
  has-unicode@^2.0.1:
    version "2.0.1"
    resolved "https://registry.npmjs.org/has-unicode/-/has-unicode-2.0.1.tgz"
    integrity sha512-8Rf9Y83NBReMnx0gFzA8JImQACstCYWUplepDa9xprwwtmgEZUF0h/i5xSA625zB/I37EtrswSST6OXxwaaIJQ==
  
  has-yarn@^3.0.0:
    version "3.0.0"
    resolved "https://registry.npmjs.org/has-yarn/-/has-yarn-3.0.0.tgz"
    integrity sha512-IrsVwUHhEULx3R8f/aA8AHuEzAorplsab/v8HBzEiIukwq5i/EC+xmOW+HfP1OaDP+2JkgT1yILHN2O3UFIbcA==
  
  has@^1.0.3:
    version "1.0.3"
    resolved "https://registry.npmjs.org/has/-/has-1.0.3.tgz"
    integrity sha512-f2dvO0VU6Oej7RkWJGrehjbzMAjFp5/VKPp5tTpWIV4JHHZK1/BxbFRtf/siA2SWTe09caDmVtYYzWEIbBS4zw==
    dependencies:
      function-bind "^1.1.1"
  
  hosted-git-info@^5.0.0:
    version "5.0.0"
    resolved "https://registry.npmjs.org/hosted-git-info/-/hosted-git-info-5.0.0.tgz"
    integrity sha512-rRnjWu0Bxj+nIfUOkz0695C0H6tRrN5iYIzYejb0tDEefe2AekHu/U5Kn9pEie5vsJqpNQU02az7TGSH3qpz4Q==
    dependencies:
      lru-cache "^7.5.1"
  
  http-cache-semantics@^4.0.0, http-cache-semantics@^4.1.0:
    version "4.1.0"
    resolved "https://registry.npmjs.org/http-cache-semantics/-/http-cache-semantics-4.1.0.tgz"
    integrity sha512-carPklcUh7ROWRK7Cv27RPtdhYhUsela/ue5/jKzjegVvXDqM2ILE9Q2BGn9JZJh1g87cp56su/FgQSzcWS8cQ==
  
  http-proxy-agent@^5.0.0:
    version "5.0.0"
    resolved "https://registry.npmjs.org/http-proxy-agent/-/http-proxy-agent-5.0.0.tgz"
    integrity sha512-n2hY8YdoRE1i7r6M0w9DIw5GgZN0G25P8zLCRQ8rjXtTU3vsNFBI/vWK/UIeE6g5MUUz6avwAPXmL6Fy9D/90w==
    dependencies:
      "@tootallnate/once" "2"
      agent-base "6"
      debug "4"
  
  http2-wrapper@^2.1.10:
    version "2.1.11"
    resolved "https://registry.npmjs.org/http2-wrapper/-/http2-wrapper-2.1.11.tgz"
    integrity sha512-aNAk5JzLturWEUiuhAN73Jcbq96R7rTitAoXV54FYMatvihnpD2+6PUgU4ce3D/m5VDbw+F5CsyKSF176ptitQ==
    dependencies:
      quick-lru "^5.1.1"
      resolve-alpn "^1.2.0"
  
  https-proxy-agent@^5.0.0:
    version "5.0.1"
    resolved "https://registry.npmjs.org/https-proxy-agent/-/https-proxy-agent-5.0.1.tgz"
    integrity sha512-dFcAjpTQFgoLMzC2VwU+C/CbS7uRL0lWmxDITmqm7C+7F0Odmj6s9l6alZc6AELXhrnggM2CeWSXHGOdX2YtwA==
    dependencies:
      agent-base "6"
      debug "4"
  
  humanize-ms@^1.2.1:
    version "1.2.1"
    resolved "https://registry.npmjs.org/humanize-ms/-/humanize-ms-1.2.1.tgz"
    integrity sha512-Fl70vYtsAFb/C06PTS9dZBo7ihau+Tu/DNCk/OyHhea07S+aeMWpFFkUaXRa8fI+ScZbEI8dfSxwY7gxZ9SAVQ==
    dependencies:
      ms "^2.0.0"
  
  iconv-lite@^0.6.2:
    version "0.6.3"
    resolved "https://registry.npmjs.org/iconv-lite/-/iconv-lite-0.6.3.tgz"
    integrity sha512-4fCk79wshMdzMp2rH06qWrJE4iolqLhCUH+OiuIgU++RB0+94NlDL81atO7GX55uUKueo0txHNtvEyI6D7WdMw==
    dependencies:
      safer-buffer ">= 2.1.2 < 3.0.0"
  
  ignore-walk@^5.0.1:
    version "5.0.1"
    resolved "https://registry.npmjs.org/ignore-walk/-/ignore-walk-5.0.1.tgz"
    integrity sha512-yemi4pMf51WKT7khInJqAvsIGzoqYXblnsz0ql8tM+yi1EKYTY1evX4NAbJrLL/Aanr2HyZeluqU+Oi7MGHokw==
    dependencies:
      minimatch "^5.0.1"
  
  ignore@^5.2.0:
    version "5.2.0"
    resolved "https://registry.npmjs.org/ignore/-/ignore-5.2.0.tgz"
    integrity sha512-CmxgYGiEPCLhfLnpPp1MoRmifwEIOgjcHXxOBjv7mY96c+eWScsOP9c112ZyLdWHi0FxHjI+4uVhKYp/gcdRmQ==
  
  import-lazy@^4.0.0:
    version "4.0.0"
    resolved "https://registry.npmjs.org/import-lazy/-/import-lazy-4.0.0.tgz"
    integrity sha512-rKtvo6a868b5Hu3heneU+L4yEQ4jYKLtjpnPeUdK7h0yzXGmyBTypknlkCvHFBqfX9YlorEiMM6Dnq/5atfHkw==
  
  imurmurhash@^0.1.4:
    version "0.1.4"
    resolved "https://registry.npmjs.org/imurmurhash/-/imurmurhash-0.1.4.tgz"
    integrity sha512-JmXMZ6wuvDmLiHEml9ykzqO6lwFbof0GG4IkcGaENdCRDDmMVnny7s5HsIgHCbaq0w2MyPhDqkhTUgS2LU2PHA==
  
  indent-string@^4.0.0:
    version "4.0.0"
    resolved "https://registry.npmjs.org/indent-string/-/indent-string-4.0.0.tgz"
    integrity sha512-EdDDZu4A2OyIK7Lr/2zG+w5jmbuk1DVBnEwREQvBzspBJkCEbRa8GxU1lghYcaGJCnRWibjDXlq779X1/y5xwg==
  
  infer-owner@^1.0.4:
    version "1.0.4"
    resolved "https://registry.npmjs.org/infer-owner/-/infer-owner-1.0.4.tgz"
    integrity sha512-IClj+Xz94+d7irH5qRyfJonOdfTzuDaifE6ZPWfx0N0+/ATZCbuTPq2prFl526urkQd90WyUKIh1DfBQ2hMz9A==
  
  inflight@^1.0.4:
    version "1.0.6"
    resolved "https://registry.npmjs.org/inflight/-/inflight-1.0.6.tgz"
    integrity sha512-k92I/b08q4wvFscXCLvqfsHCrjrF7yiXsQuIVvVE7N82W3+aqpzuUdBbfhWcy/FZR3/4IgflMgKLOsvPDrGCJA==
    dependencies:
      once "^1.3.0"
      wrappy "1"
  
  inherits@2, inherits@^2.0.3:
    version "2.0.4"
    resolved "https://registry.npmjs.org/inherits/-/inherits-2.0.4.tgz"
    integrity sha512-k/vGaX4/Yla3WzyMCvTQOXYeIHvqOKtnqBduzTHpzpQZzAskKMhZ2K+EnBiSM9zGSoIFeMpXKxa4dYeZIQqewQ==
  
  ini@2.0.0:
    version "2.0.0"
    resolved "https://registry.npmjs.org/ini/-/ini-2.0.0.tgz"
    integrity sha512-7PnF4oN3CvZF23ADhA5wRaYEQpJ8qygSkbtTXWBeXWXmEVRXK+1ITciHWwHhsjv1TmW0MgacIv6hEi5pX5NQdA==
  
  ini@^1.3.4, ini@~1.3.0:
    version "1.3.8"
    resolved "https://registry.npmjs.org/ini/-/ini-1.3.8.tgz"
    integrity sha512-JV/yugV2uzW5iMRSiZAyDtQd+nxtUnjeLt0acNdw98kKLrvuRVyB80tsREOE7yvGVgalhZ6RNXCmEHkUKBKxew==
  
  ip@^1.1.5:
    version "1.1.8"
    resolved "https://registry.npmjs.org/ip/-/ip-1.1.8.tgz"
    integrity sha512-PuExPYUiu6qMBQb4l06ecm6T6ujzhmh+MeJcW9wa89PoAz5pvd4zPgN5WJV104mb6S2T1AwNIAaB70JNrLQWhg==
  
  is-ci@^3.0.1:
    version "3.0.1"
    resolved "https://registry.npmjs.org/is-ci/-/is-ci-3.0.1.tgz"
    integrity sha512-ZYvCgrefwqoQ6yTyYUbQu64HsITZ3NfKX1lzaEYdkTDcfKzzCI/wthRRYKkdjHKFVgNiXKAKm65Zo1pk2as/QQ==
    dependencies:
      ci-info "^3.2.0"
  
  is-core-module@^2.8.1:
    version "2.9.0"
    resolved "https://registry.npmjs.org/is-core-module/-/is-core-module-2.9.0.tgz"
    integrity sha512-+5FPy5PnwmO3lvfMb0AsoPaBG+5KHUI0wYFXOtYPnVVVspTFUuMZNfNaNVRt3FZadstu2c8x23vykRW/NBoU6A==
    dependencies:
      has "^1.0.3"
  
  is-extglob@^2.1.1:
    version "2.1.1"
    resolved "https://registry.npmjs.org/is-extglob/-/is-extglob-2.1.1.tgz"
    integrity sha512-SbKbANkN603Vi4jEZv49LeVJMn4yGwsbzZworEoyEiutsN3nJYdbO36zfhGJ6QEDpOZIFkDtnq5JRxmvl3jsoQ==
  
  is-fullwidth-code-point@^3.0.0:
    version "3.0.0"
    resolved "https://registry.npmjs.org/is-fullwidth-code-point/-/is-fullwidth-code-point-3.0.0.tgz"
    integrity sha512-zymm5+u+sCsSWyD9qNaejV3DFvhCKclKdizYaJUuHA83RLjb7nSuGnddCHGv0hk+KY7BMAlsWeK4Ueg6EV6XQg==
  
  is-glob@^4.0.1:
    version "4.0.3"
    resolved "https://registry.npmjs.org/is-glob/-/is-glob-4.0.3.tgz"
    integrity sha512-xelSayHH36ZgE7ZWhli7pW34hNbNl8Ojv5KVmkJD4hBdD3th8Tfk9vYasLM+mXWOZhFkgZfxhLSnrwRr4elSSg==
    dependencies:
      is-extglob "^2.1.1"
  
  is-installed-globally@^0.4.0:
    version "0.4.0"
    resolved "https://registry.npmjs.org/is-installed-globally/-/is-installed-globally-0.4.0.tgz"
    integrity sha512-iwGqO3J21aaSkC7jWnHP/difazwS7SFeIqxv6wEtLU8Y5KlzFTjyqcSIT0d8s4+dDhKytsk9PJZ2BkS5eZwQRQ==
    dependencies:
      global-dirs "^3.0.0"
      is-path-inside "^3.0.2"
  
  is-lambda@^1.0.1:
    version "1.0.1"
    resolved "https://registry.npmjs.org/is-lambda/-/is-lambda-1.0.1.tgz"
    integrity sha512-z7CMFGNrENq5iFB9Bqo64Xk6Y9sg+epq1myIcdHaGnbMTYOxvzsEtdYqQUylB7LxfkvgrrjP32T6Ywciio9UIQ==
  
  is-npm@^6.0.0:
    version "6.0.0"
    resolved "https://registry.npmjs.org/is-npm/-/is-npm-6.0.0.tgz"
    integrity sha512-JEjxbSmtPSt1c8XTkVrlujcXdKV1/tvuQ7GwKcAlyiVLeYFQ2VHat8xfrDJsIkhCdF/tZ7CiIR3sy141c6+gPQ==
  
  is-number@^7.0.0:
    version "7.0.0"
    resolved "https://registry.npmjs.org/is-number/-/is-number-7.0.0.tgz"
    integrity sha512-41Cifkg6e8TylSpdtTpeLVMqvSBEVzTttHvERD741+pnZ8ANv0004MRL43QKPDlK9cGvNp6NZWZUBlbGXYxxng==
  
  is-obj@^2.0.0:
    version "2.0.0"
    resolved "https://registry.npmjs.org/is-obj/-/is-obj-2.0.0.tgz"
    integrity sha512-drqDG3cbczxxEJRoOXcOjtdp1J/lyp1mNn0xaznRs8+muBhgQcrnbspox5X5fOw0HnMnbfDzvnEMEtqDEJEo8w==
  
  is-path-inside@^3.0.2:
    version "3.0.3"
    resolved "https://registry.npmjs.org/is-path-inside/-/is-path-inside-3.0.3.tgz"
    integrity sha512-Fd4gABb+ycGAmKou8eMftCupSir5lRxqf4aD/vd0cD2qc4HL07OjCeuHMr8Ro4CoMaeCKDB0/ECBOVWjTwUvPQ==
  
  is-typedarray@^1.0.0:
    version "1.0.0"
    resolved "https://registry.npmjs.org/is-typedarray/-/is-typedarray-1.0.0.tgz"
    integrity sha512-cyA56iCMHAh5CdzjJIa4aohJyeO1YbwLi3Jc35MmRU6poroFjIGZzUzupGiRPOjgHg9TLu43xbpwXk523fMxKA==
  
  is-yarn-global@^0.4.0:
    version "0.4.0"
    resolved "https://registry.npmjs.org/is-yarn-global/-/is-yarn-global-0.4.0.tgz"
    integrity sha512-HneQBCrXGBy15QnaDfcn6OLoU8AQPAa0Qn0IeJR/QCo4E8dNZaGGwxpCwWyEBQC5QvFonP8d6t60iGpAHVAfNA==
  
  isexe@^2.0.0:
    version "2.0.0"
    resolved "https://registry.npmjs.org/isexe/-/isexe-2.0.0.tgz"
    integrity sha512-RHxMLp9lnKHGHRng9QFhRCMbYAcVpn69smSGcq3f36xjgVVWThj4qqLbTLlq7Ssj8B+fIQ1EuCEGI2lKsyQeIw==
  
  jju@^1.1.0:
    version "1.4.0"
    resolved "https://registry.npmjs.org/jju/-/jju-1.4.0.tgz"
    integrity sha512-8wb9Yw966OSxApiCt0K3yNJL8pnNeIv+OEq2YMidz4FKP6nonSRoOXc80iXY4JaN2FC11B9qsNmDsm+ZOfMROA==
  
  js-yaml@^4.0.0:
    version "4.1.0"
    resolved "https://registry.npmjs.org/js-yaml/-/js-yaml-4.1.0.tgz"
    integrity sha512-wpxZs9NoxZaJESJGIZTyDEaYpl0FKSA+FB9aJiyemKhMwkxQg63h4T1KJgUGHpTqPDNRcmmYLugrRjJlBtWvRA==
    dependencies:
      argparse "^2.0.1"
  
  json-buffer@3.0.1, json-buffer@~3.0.1:
    version "3.0.1"
    resolved "https://registry.npmjs.org/json-buffer/-/json-buffer-3.0.1.tgz"
    integrity sha512-4bV5BfR2mqfQTJm+V5tPPdf+ZpuhiIvTuAB5g8kcrXOZpTT/QwwVRWBywX1ozr6lEuPdbHxwaJlm9G6mI2sfSQ==
  
  json-parse-even-better-errors@^2.3.0, json-parse-even-better-errors@^2.3.1:
    version "2.3.1"
    resolved "https://registry.npmjs.org/json-parse-even-better-errors/-/json-parse-even-better-errors-2.3.1.tgz"
    integrity sha512-xyFwyhro/JEof6Ghe2iz2NcXoj2sloNsWr/XsERDK/oiPCfaNhl5ONfp+jQdAZRQQ0IJWNzH9zIZF7li91kh2w==
  
  json-parse-helpfulerror@^1.0.3:
    version "1.0.3"
    resolved "https://registry.npmjs.org/json-parse-helpfulerror/-/json-parse-helpfulerror-1.0.3.tgz"
    integrity sha512-XgP0FGR77+QhUxjXkwOMkC94k3WtqEBfcnjWqhRd82qTat4SWKRE+9kUnynz/shm3I4ea2+qISvTIeGTNU7kJg==
    dependencies:
      jju "^1.1.0"
  
  json5@^2.1.2:
    version "2.2.1"
    resolved "https://registry.npmjs.org/json5/-/json5-2.2.1.tgz"
    integrity sha512-1hqLFMSrGHRHxav9q9gNjJ5EXznIxGVO09xQRrwplcS8qs28pZ8s8hupZAmqDwZUmVZ2Qb2jnyPOWcDH8m8dlA==
  
  jsonlines@^0.1.1:
    version "0.1.1"
    resolved "https://registry.npmjs.org/jsonlines/-/jsonlines-0.1.1.tgz"
    integrity sha512-ekDrAGso79Cvf+dtm+mL8OBI2bmAOt3gssYs833De/C9NmIpWDWyUO4zPgB5x2/OhY366dkhgfPMYfwZF7yOZA==
  
  jsonparse@^1.3.1:
    version "1.3.1"
    resolved "https://registry.npmjs.org/jsonparse/-/jsonparse-1.3.1.tgz"
    integrity sha512-POQXvpdL69+CluYsillJ7SUhKvytYjW9vG/GKpnf+xP8UWgYEM/RaMzHHofbALDiKbbP1W8UEYmgGl39WkPZsg==
  
  keyv@^4.0.0:
    version "4.3.2"
    resolved "https://registry.npmjs.org/keyv/-/keyv-4.3.2.tgz"
    integrity sha512-kn8WmodVBe12lmHpA6W8OY7SNh6wVR+Z+wZESF4iF5FCazaVXGWOtnbnvX0tMQ1bO+/TmOD9LziuYMvrIIs0xw==
    dependencies:
      compress-brotli "^1.3.8"
      json-buffer "3.0.1"
  
  kleur@^4.0.1:
    version "4.1.5"
    resolved "https://registry.npmjs.org/kleur/-/kleur-4.1.5.tgz"
    integrity sha512-o+NO+8WrRiQEE4/7nwRJhN1HWpVmJm511pBHUxPLtp0BUISzlBplORYSmTclCnJvQq2tKu/sgl3xVpkc7ZWuQQ==
  
  latest-version@^7.0.0:
    version "7.0.0"
    resolved "https://registry.npmjs.org/latest-version/-/latest-version-7.0.0.tgz"
    integrity sha512-KvNT4XqAMzdcL6ka6Tl3i2lYeFDgXNCuIX+xNx6ZMVR1dFq+idXd9FLKNMOIx0t9mJ9/HudyX4oZWXZQ0UJHeg==
    dependencies:
      package-json "^8.1.0"
  
  locate-path@^6.0.0:
    version "6.0.0"
    resolved "https://registry.npmjs.org/locate-path/-/locate-path-6.0.0.tgz"
    integrity sha512-iPZK6eYjbxRu3uB4/WZ3EsEIMJFMqAoopl3R+zuq0UjcAm/MO6KCweDgPfP3elTztoKP3KtnVHxTn2NHBSDVUw==
    dependencies:
      p-locate "^5.0.0"
  
  lodash@^4.17.21:
    version "4.17.21"
    resolved "https://registry.npmjs.org/lodash/-/lodash-4.17.21.tgz"
    integrity sha512-v2kDEe57lecTulaDIuNTPy3Ry4gLGJ6Z1O3vE1krgXZNrsQ+LFTGHVxVjcXPs17LhbZVGedAJv8XZ1tvj5FvSg==
  
  lowercase-keys@^2.0.0:
    version "2.0.0"
    resolved "https://registry.npmjs.org/lowercase-keys/-/lowercase-keys-2.0.0.tgz"
    integrity sha512-tqNXrS78oMOE73NMxK4EMLQsQowWf8jKooH9g7xPavRT706R6bkQJ6DY2Te7QukaZsulxa30wQ7bk0pm4XiHmA==
  
  lowercase-keys@^3.0.0:
    version "3.0.0"
    resolved "https://registry.npmjs.org/lowercase-keys/-/lowercase-keys-3.0.0.tgz"
    integrity sha512-ozCC6gdQ+glXOQsveKD0YsDy8DSQFjDTz4zyzEHNV5+JP5D62LmfDZ6o1cycFx9ouG940M5dE8C8CTewdj2YWQ==
  
  lru-cache@^6.0.0:
    version "6.0.0"
    resolved "https://registry.npmjs.org/lru-cache/-/lru-cache-6.0.0.tgz"
    integrity sha512-Jo6dJ04CmSjuznwJSS3pUeWmd/H0ffTlkXXgwZi+eq1UCmqQwCh+eLsYOYCwY991i2Fah4h1BEMCx4qThGbsiA==
    dependencies:
      yallist "^4.0.0"
  
  lru-cache@^7.4.4, lru-cache@^7.5.1, lru-cache@^7.7.1:
    version "7.13.0"
    resolved "https://registry.npmjs.org/lru-cache/-/lru-cache-7.13.0.tgz"
    integrity sha512-SNFKDOORR41fkWP3DXiIUvXvfzDRPg3bxD1+29iRyP2ZW+Njp2o6zhx9YkEpq1tbP0AEDNW2VBUedzDIxmNhdg==
  
  make-fetch-happen@^10.0.3, make-fetch-happen@^10.0.6:
    version "10.1.8"
    resolved "https://registry.npmjs.org/make-fetch-happen/-/make-fetch-happen-10.1.8.tgz"
    integrity sha512-0ASJbG12Au6+N5I84W+8FhGS6iM8MyzvZady+zaQAu+6IOaESFzCLLD0AR1sAFF3Jufi8bxm586ABN6hWd3k7g==
    dependencies:
      agentkeepalive "^4.2.1"
      cacache "^16.1.0"
      http-cache-semantics "^4.1.0"
      http-proxy-agent "^5.0.0"
      https-proxy-agent "^5.0.0"
      is-lambda "^1.0.1"
      lru-cache "^7.7.1"
      minipass "^3.1.6"
      minipass-collect "^1.0.2"
      minipass-fetch "^2.0.3"
      minipass-flush "^1.0.5"
      minipass-pipeline "^1.2.4"
      negotiator "^0.6.3"
      promise-retry "^2.0.1"
      socks-proxy-agent "^7.0.0"
      ssri "^9.0.0"
  
  merge2@^1.3.0, merge2@^1.4.1:
    version "1.4.1"
    resolved "https://registry.npmjs.org/merge2/-/merge2-1.4.1.tgz"
    integrity sha512-8q7VEgMJW4J8tcfVPy8g09NcQwZdbwFEqhe/WZkoIzjn/3TGDwtOCYtXGxA3O8tPzpczCCDgv+P2P5y00ZJOOg==
  
  micromatch@^4.0.4:
    version "4.0.5"
    resolved "https://registry.npmjs.org/micromatch/-/micromatch-4.0.5.tgz"
    integrity sha512-DMy+ERcEW2q8Z2Po+WNXuw3c5YaUSFjAO5GsJqfEl7UjvtIuFKO6ZrKvcItdy98dwFI2N1tg3zNIdKaQT+aNdA==
    dependencies:
      braces "^3.0.2"
      picomatch "^2.3.1"
  
  mimic-response@^1.0.0:
    version "1.0.1"
    resolved "https://registry.npmjs.org/mimic-response/-/mimic-response-1.0.1.tgz"
    integrity sha512-j5EctnkH7amfV/q5Hgmoal1g2QHFJRraOtmx0JpIqkxhBhI/lJSl1nMpQ45hVarwNETOoWEimndZ4QK0RHxuxQ==
  
  mimic-response@^3.1.0:
    version "3.1.0"
    resolved "https://registry.npmjs.org/mimic-response/-/mimic-response-3.1.0.tgz"
    integrity sha512-z0yWI+4FDrrweS8Zmt4Ej5HdJmky15+L2e6Wgn3+iK5fWzb6T3fhNFq2+MeTRb064c6Wr4N/wv0DzQTjNzHNGQ==
  
  minimatch@^3.1.1:
    version "3.1.2"
    resolved "https://registry.npmjs.org/minimatch/-/minimatch-3.1.2.tgz"
    integrity sha512-J7p63hRiAjw1NDEww1W7i37+ByIrOWO5XQQAzZ3VOcL0PNybwpfmV/N05zFAzwQ9USyEcX6t3UO+K5aqBQOIHw==
    dependencies:
      brace-expansion "^1.1.7"
  
  minimatch@^5.0.1, minimatch@^5.1.0:
    version "5.1.0"
    resolved "https://registry.npmjs.org/minimatch/-/minimatch-5.1.0.tgz"
    integrity sha512-9TPBGGak4nHfGZsPBohm9AWg6NoT7QTCehS3BIJABslyZbzxfV78QM2Y6+i741OPZIafFAaiiEMh5OyIrJPgtg==
    dependencies:
      brace-expansion "^2.0.1"
  
  minimist@^1.2.0:
    version "1.2.6"
    resolved "https://registry.npmjs.org/minimist/-/minimist-1.2.6.tgz"
    integrity sha512-Jsjnk4bw3YJqYzbdyBiNsPWHPfO++UGG749Cxs6peCu5Xg4nrena6OVxOYxrQTqww0Jmwt+Ref8rggumkTLz9Q==
  
  minipass-collect@^1.0.2:
    version "1.0.2"
    resolved "https://registry.npmjs.org/minipass-collect/-/minipass-collect-1.0.2.tgz"
    integrity sha512-6T6lH0H8OG9kITm/Jm6tdooIbogG9e0tLgpY6mphXSm/A9u8Nq1ryBG+Qspiub9LjWlBPsPS3tWQ/Botq4FdxA==
    dependencies:
      minipass "^3.0.0"
  
  minipass-fetch@^2.0.3:
    version "2.1.0"
    resolved "https://registry.npmjs.org/minipass-fetch/-/minipass-fetch-2.1.0.tgz"
    integrity sha512-H9U4UVBGXEyyWJnqYDCLp1PwD8XIkJ4akNHp1aGVI+2Ym7wQMlxDKi4IB4JbmyU+pl9pEs/cVrK6cOuvmbK4Sg==
    dependencies:
      minipass "^3.1.6"
      minipass-sized "^1.0.3"
      minizlib "^2.1.2"
    optionalDependencies:
      encoding "^0.1.13"
  
  minipass-flush@^1.0.5:
    version "1.0.5"
    resolved "https://registry.npmjs.org/minipass-flush/-/minipass-flush-1.0.5.tgz"
    integrity sha512-JmQSYYpPUqX5Jyn1mXaRwOda1uQ8HP5KAT/oDSLCzt1BYRhQU0/hDtsB1ufZfEEzMZ9aAVmsBw8+FWsIXlClWw==
    dependencies:
      minipass "^3.0.0"
  
  minipass-json-stream@^1.0.1:
    version "1.0.1"
    resolved "https://registry.npmjs.org/minipass-json-stream/-/minipass-json-stream-1.0.1.tgz"
    integrity sha512-ODqY18UZt/I8k+b7rl2AENgbWE8IDYam+undIJONvigAz8KR5GWblsFTEfQs0WODsjbSXWlm+JHEv8Gr6Tfdbg==
    dependencies:
      jsonparse "^1.3.1"
      minipass "^3.0.0"
  
  minipass-pipeline@^1.2.4:
    version "1.2.4"
    resolved "https://registry.npmjs.org/minipass-pipeline/-/minipass-pipeline-1.2.4.tgz"
    integrity sha512-xuIq7cIOt09RPRJ19gdi4b+RiNvDFYe5JH+ggNvBqGqpQXcru3PcRmOZuHBKWK1Txf9+cQ+HMVN4d6z46LZP7A==
    dependencies:
      minipass "^3.0.0"
  
  minipass-sized@^1.0.3:
    version "1.0.3"
    resolved "https://registry.npmjs.org/minipass-sized/-/minipass-sized-1.0.3.tgz"
    integrity sha512-MbkQQ2CTiBMlA2Dm/5cY+9SWFEN8pzzOXi6rlM5Xxq0Yqbda5ZQy9sU75a673FE9ZK0Zsbr6Y5iP6u9nktfg2g==
    dependencies:
      minipass "^3.0.0"
  
  minipass@^3.0.0, minipass@^3.1.1, minipass@^3.1.6:
    version "3.3.4"
    resolved "https://registry.npmjs.org/minipass/-/minipass-3.3.4.tgz"
    integrity sha512-I9WPbWHCGu8W+6k1ZiGpPu0GkoKBeorkfKNuAFBNS1HNFJvke82sxvI5bzcCNpWPorkOO5QQ+zomzzwRxejXiw==
    dependencies:
      yallist "^4.0.0"
  
  minizlib@^2.1.1, minizlib@^2.1.2:
    version "2.1.2"
    resolved "https://registry.npmjs.org/minizlib/-/minizlib-2.1.2.tgz"
    integrity sha512-bAxsR8BVfj60DWXHE3u30oHzfl4G7khkSuPW+qvpd7jFRHm7dLxOjUk1EHACJ/hxLY8phGJ0YhYHZo7jil7Qdg==
    dependencies:
      minipass "^3.0.0"
      yallist "^4.0.0"
  
  mkdirp@^1.0.3, mkdirp@^1.0.4:
    version "1.0.4"
    resolved "https://registry.npmjs.org/mkdirp/-/mkdirp-1.0.4.tgz"
    integrity sha512-vVqVZQyf3WLx2Shd0qJ9xuvqgAyKPLAiqITEtqW0oIUjzo3PePDd6fW9iFz30ef7Ysp/oiWqbhszeGWW2T6Gzw==
  
  ms@2.1.2, ms@^2.0.0:
    version "2.1.2"
    resolved "https://registry.npmjs.org/ms/-/ms-2.1.2.tgz"
    integrity sha512-sGkPx+VjMtmA6MX27oA4FBFELFCZZ4S4XqeGOXCv68tT+jb3vk/RyaKWP0PTKyWtmLSM0b+adUTEvbs1PEaH2w==
  
  negotiator@^0.6.3:
    version "0.6.3"
    resolved "https://registry.npmjs.org/negotiator/-/negotiator-0.6.3.tgz"
    integrity sha512-+EUsqGPLsM+j/zdChZjsnX51g4XrHFOIXwfnCVPGlQk/k5giakcKsuxCObBRu6DSm9opw/O6slWbJdghQM4bBg==
  
  node-gyp@^9.0.0:
    version "9.1.0"
    resolved "https://registry.npmjs.org/node-gyp/-/node-gyp-9.1.0.tgz"
    integrity sha512-HkmN0ZpQJU7FLbJauJTHkHlSVAXlNGDAzH/VYFZGDOnFyn/Na3GlNJfkudmufOdS6/jNFhy88ObzL7ERz9es1g==
    dependencies:
      env-paths "^2.2.0"
      glob "^7.1.4"
      graceful-fs "^4.2.6"
      make-fetch-happen "^10.0.3"
      nopt "^5.0.0"
      npmlog "^6.0.0"
      rimraf "^3.0.2"
      semver "^7.3.5"
      tar "^6.1.2"
      which "^2.0.2"
  
  nopt@^5.0.0:
    version "5.0.0"
    resolved "https://registry.npmjs.org/nopt/-/nopt-5.0.0.tgz"
    integrity sha512-Tbj67rffqceeLpcRXrT7vKAN8CwfPeIBgM7E6iBkmKLV7bEMwpGgYLGv0jACUsECaa/vuxP0IjEont6umdMgtQ==
    dependencies:
      abbrev "1"
  
  normalize-package-data@^4.0.0:
    version "4.0.0"
    resolved "https://registry.npmjs.org/normalize-package-data/-/normalize-package-data-4.0.0.tgz"
    integrity sha512-m+GL22VXJKkKbw62ZaBBjv8u6IE3UI4Mh5QakIqs3fWiKe0Xyi6L97hakwZK41/LD4R/2ly71Bayx0NLMwLA/g==
    dependencies:
      hosted-git-info "^5.0.0"
      is-core-module "^2.8.1"
      semver "^7.3.5"
      validate-npm-package-license "^3.0.4"
  
  normalize-url@^6.0.1:
    version "6.1.0"
    resolved "https://registry.npmjs.org/normalize-url/-/normalize-url-6.1.0.tgz"
    integrity sha512-DlL+XwOy3NxAQ8xuC0okPgK46iuVNAK01YN7RueYBqqFeGsBjV9XmCAzAdgt+667bCl5kPh9EqKKDwnaPG1I7A==
  
  npm-bundled@^1.1.1, npm-bundled@^1.1.2:
    version "1.1.2"
    resolved "https://registry.npmjs.org/npm-bundled/-/npm-bundled-1.1.2.tgz"
    integrity sha512-x5DHup0SuyQcmL3s7Rx/YQ8sbw/Hzg0rj48eN0dV7hf5cmQq5PXIeioroH3raV1QC1yh3uTYuMThvEQF3iKgGQ==
    dependencies:
      npm-normalize-package-bin "^1.0.1"
  
  npm-check-updates@^15.3.3:
    version "15.3.3"
    resolved "https://registry.npmjs.org/npm-check-updates/-/npm-check-updates-15.3.3.tgz"
    integrity sha512-kdZte9jeJ3n8tS8wxAjrvQz5owi4AEY9pxt5OaEzw094k/ymg0HYR6b89W2OJaFn7xK4tCrkOFp9PUWKlydA8Q==
    dependencies:
      chalk "^5.0.1"
      cli-table "^0.3.11"
      commander "^9.3.0"
      fast-memoize "^2.5.2"
      find-up "5.0.0"
      fp-and-or "^0.1.3"
      get-stdin "^8.0.0"
      globby "^11.0.4"
      hosted-git-info "^5.0.0"
      json-parse-helpfulerror "^1.0.3"
      jsonlines "^0.1.1"
      lodash "^4.17.21"
      minimatch "^5.1.0"
      p-map "^4.0.0"
      pacote "^13.6.1"
      parse-github-url "^1.0.2"
      progress "^2.0.3"
      prompts-ncu "^2.5.1"
      rc-config-loader "^4.1.0"
      remote-git-tags "^3.0.0"
      rimraf "^3.0.2"
      semver "^7.3.7"
      semver-utils "^1.1.4"
      source-map-support "^0.5.21"
      spawn-please "^1.0.0"
      update-notifier "^6.0.2"
      yaml "^2.1.1"
  
  npm-install-checks@^5.0.0:
    version "5.0.0"
    resolved "https://registry.npmjs.org/npm-install-checks/-/npm-install-checks-5.0.0.tgz"
    integrity sha512-65lUsMI8ztHCxFz5ckCEC44DRvEGdZX5usQFriauxHEwt7upv1FKaQEmAtU0YnOAdwuNWCmk64xYiQABNrEyLA==
    dependencies:
      semver "^7.1.1"
  
  npm-normalize-package-bin@^1.0.1:
    version "1.0.1"
    resolved "https://registry.npmjs.org/npm-normalize-package-bin/-/npm-normalize-package-bin-1.0.1.tgz"
    integrity sha512-EPfafl6JL5/rU+ot6P3gRSCpPDW5VmIzX959Ob1+ySFUuuYHWHekXpwdUZcKP5C+DS4GEtdJluwBjnsNDl+fSA==
  
  npm-package-arg@^9.0.0, npm-package-arg@^9.0.1:
    version "9.1.0"
    resolved "https://registry.npmjs.org/npm-package-arg/-/npm-package-arg-9.1.0.tgz"
    integrity sha512-4J0GL+u2Nh6OnhvUKXRr2ZMG4lR8qtLp+kv7UiV00Y+nGiSxtttCyIRHCt5L5BNkXQld/RceYItau3MDOoGiBw==
    dependencies:
      hosted-git-info "^5.0.0"
      proc-log "^2.0.1"
      semver "^7.3.5"
      validate-npm-package-name "^4.0.0"
  
  npm-packlist@^5.1.0:
    version "5.1.1"
    resolved "https://registry.npmjs.org/npm-packlist/-/npm-packlist-5.1.1.tgz"
    integrity sha512-UfpSvQ5YKwctmodvPPkK6Fwk603aoVsf8AEbmVKAEECrfvL8SSe1A2YIwrJ6xmTHAITKPwwZsWo7WwEbNk0kxw==
    dependencies:
      glob "^8.0.1"
      ignore-walk "^5.0.1"
      npm-bundled "^1.1.2"
      npm-normalize-package-bin "^1.0.1"
  
  npm-pick-manifest@^7.0.0:
    version "7.0.1"
    resolved "https://registry.npmjs.org/npm-pick-manifest/-/npm-pick-manifest-7.0.1.tgz"
    integrity sha512-IA8+tuv8KujbsbLQvselW2XQgmXWS47t3CB0ZrzsRZ82DbDfkcFunOaPm4X7qNuhMfq+FmV7hQT4iFVpHqV7mg==
    dependencies:
      npm-install-checks "^5.0.0"
      npm-normalize-package-bin "^1.0.1"
      npm-package-arg "^9.0.0"
      semver "^7.3.5"
  
  npm-registry-fetch@^13.0.1:
    version "13.2.0"
    resolved "https://registry.npmjs.org/npm-registry-fetch/-/npm-registry-fetch-13.2.0.tgz"
    integrity sha512-NEKnK02Co31+cnDtnAvEdq9xn6E9yKPK/aOHXZieVbw/qVOcFd7su6kviZjImYoszjM2GykMfGMiyyPUQjUkag==
    dependencies:
      make-fetch-happen "^10.0.6"
      minipass "^3.1.6"
      minipass-fetch "^2.0.3"
      minipass-json-stream "^1.0.1"
      minizlib "^2.1.2"
      npm-package-arg "^9.0.1"
      proc-log "^2.0.0"
  
  npmlog@^6.0.0:
    version "6.0.2"
    resolved "https://registry.npmjs.org/npmlog/-/npmlog-6.0.2.tgz"
    integrity sha512-/vBvz5Jfr9dT/aFWd0FIRf+T/Q2WBsLENygUaFUqstqsycmZAP/t5BvFJTK0viFmSUxiUKTUplWy5vt+rvKIxg==
    dependencies:
      are-we-there-yet "^3.0.0"
      console-control-strings "^1.1.0"
      gauge "^4.0.3"
      set-blocking "^2.0.0"
  
  once@^1.3.0, once@^1.3.1, once@^1.4.0:
    version "1.4.0"
    resolved "https://registry.npmjs.org/once/-/once-1.4.0.tgz"
    integrity sha512-lNaJgI+2Q5URQBkccEKHTQOPaXdUxnZZElQTZY0MFUAuaEqe1E+Nyvgdz/aIyNi6Z9MzO5dv1H8n58/GELp3+w==
    dependencies:
      wrappy "1"
  
  p-cancelable@^3.0.0:
    version "3.0.0"
    resolved "https://registry.npmjs.org/p-cancelable/-/p-cancelable-3.0.0.tgz"
    integrity sha512-mlVgR3PGuzlo0MmTdk4cXqXWlwQDLnONTAg6sm62XkMJEiRxN3GL3SffkYvqwonbkJBcrI7Uvv5Zh9yjvn2iUw==
  
  p-limit@^3.0.2:
    version "3.1.0"
    resolved "https://registry.npmjs.org/p-limit/-/p-limit-3.1.0.tgz"
    integrity sha512-TYOanM3wGwNGsZN2cVTYPArw454xnXj5qmWF1bEoAc4+cU/ol7GVh7odevjp1FNHduHc3KZMcFduxU5Xc6uJRQ==
    dependencies:
      yocto-queue "^0.1.0"
  
  p-locate@^5.0.0:
    version "5.0.0"
    resolved "https://registry.npmjs.org/p-locate/-/p-locate-5.0.0.tgz"
    integrity sha512-LaNjtRWUBY++zB5nE/NwcaoMylSPk+S+ZHNB1TzdbMJMny6dynpAGt7X/tl/QYq3TIeE6nxHppbo2LGymrG5Pw==
    dependencies:
      p-limit "^3.0.2"
  
  p-map@^4.0.0:
    version "4.0.0"
    resolved "https://registry.npmjs.org/p-map/-/p-map-4.0.0.tgz"
    integrity sha512-/bjOqmgETBYB5BoEeGVea8dmvHb2m9GLy1E9W43yeyfP6QQCZGFNa+XRceJEuDB6zqr+gKpIAmlLebMpykw/MQ==
    dependencies:
      aggregate-error "^3.0.0"
  
  package-json@^8.1.0:
    version "8.1.0"
    resolved "https://registry.npmjs.org/package-json/-/package-json-8.1.0.tgz"
    integrity sha512-hySwcV8RAWeAfPsXb9/HGSPn8lwDnv6fabH+obUZKX169QknRkRhPxd1yMubpKDskLFATkl3jHpNtVtDPFA0Wg==
    dependencies:
      got "^12.1.0"
      registry-auth-token "^5.0.1"
      registry-url "^6.0.0"
      semver "^7.3.7"
  
  pacote@^13.6.1:
    version "13.6.1"
    resolved "https://registry.npmjs.org/pacote/-/pacote-13.6.1.tgz"
    integrity sha512-L+2BI1ougAPsFjXRyBhcKmfT016NscRFLv6Pz5EiNf1CCFJFU0pSKKQwsZTyAQB+sTuUL4TyFyp6J1Ork3dOqw==
    dependencies:
      "@npmcli/git" "^3.0.0"
      "@npmcli/installed-package-contents" "^1.0.7"
      "@npmcli/promise-spawn" "^3.0.0"
      "@npmcli/run-script" "^4.1.0"
      cacache "^16.0.0"
      chownr "^2.0.0"
      fs-minipass "^2.1.0"
      infer-owner "^1.0.4"
      minipass "^3.1.6"
      mkdirp "^1.0.4"
      npm-package-arg "^9.0.0"
      npm-packlist "^5.1.0"
      npm-pick-manifest "^7.0.0"
      npm-registry-fetch "^13.0.1"
      proc-log "^2.0.0"
      promise-retry "^2.0.1"
      read-package-json "^5.0.0"
      read-package-json-fast "^2.0.3"
      rimraf "^3.0.2"
      ssri "^9.0.0"
      tar "^6.1.11"
  
  parse-github-url@^1.0.2:
    version "1.0.2"
    resolved "https://registry.npmjs.org/parse-github-url/-/parse-github-url-1.0.2.tgz"
    integrity sha512-kgBf6avCbO3Cn6+RnzRGLkUsv4ZVqv/VfAYkRsyBcgkshNvVBkRn1FEZcW0Jb+npXQWm2vHPnnOqFteZxRRGNw==
  
  path-exists@^4.0.0:
    version "4.0.0"
    resolved "https://registry.npmjs.org/path-exists/-/path-exists-4.0.0.tgz"
    integrity sha512-ak9Qy5Q7jYb2Wwcey5Fpvg2KoAc/ZIhLSLOSBmRmygPsGwkVVt0fZa0qrtMz+m6tJTAHfZQ8FnmB4MG4LWy7/w==
  
  path-is-absolute@^1.0.0:
    version "1.0.1"
    resolved "https://registry.npmjs.org/path-is-absolute/-/path-is-absolute-1.0.1.tgz"
    integrity sha512-AVbw3UJ2e9bq64vSaS9Am0fje1Pa8pbGqTTsmXfaIiMpnr5DlDhfJOuLj9Sf95ZPVDAUerDfEk88MPmPe7UCQg==
  
  path-type@^4.0.0:
    version "4.0.0"
    resolved "https://registry.npmjs.org/path-type/-/path-type-4.0.0.tgz"
    integrity sha512-gDKb8aZMDeD/tZWs9P6+q0J9Mwkdl6xMV8TjnGP3qJVJ06bdMgkbBlLU8IdfOsIsFz2BW1rNVT3XuNEl8zPAvw==
  
  picomatch@^2.3.1:
    version "2.3.1"
    resolved "https://registry.npmjs.org/picomatch/-/picomatch-2.3.1.tgz"
    integrity sha512-JU3teHTNjmE2VCGFzuY8EXzCDVwEqB2a8fsIvwaStHhAWJEeVd1o1QD80CU6+ZdEXXSLbSsuLwJjkCBWqRQUVA==
  
  proc-log@^2.0.0, proc-log@^2.0.1:
    version "2.0.1"
    resolved "https://registry.npmjs.org/proc-log/-/proc-log-2.0.1.tgz"
    integrity sha512-Kcmo2FhfDTXdcbfDH76N7uBYHINxc/8GW7UAVuVP9I+Va3uHSerrnKV6dLooga/gh7GlgzuCCr/eoldnL1muGw==
  
  progress@^2.0.3:
    version "2.0.3"
    resolved "https://registry.npmjs.org/progress/-/progress-2.0.3.tgz"
    integrity sha512-7PiHtLll5LdnKIMw100I+8xJXR5gW2QwWYkT6iJva0bXitZKa/XMrSbdmg3r2Xnaidz9Qumd0VPaMrZlF9V9sA==
  
  promise-inflight@^1.0.1:
    version "1.0.1"
    resolved "https://registry.npmjs.org/promise-inflight/-/promise-inflight-1.0.1.tgz"
    integrity sha512-6zWPyEOFaQBJYcGMHBKTKJ3u6TBsnMFOIZSa6ce1e/ZrrsOlnHRHbabMjLiBYKp+n44X9eUI6VUPaukCXHuG4g==
  
  promise-retry@^2.0.1:
    version "2.0.1"
    resolved "https://registry.npmjs.org/promise-retry/-/promise-retry-2.0.1.tgz"
    integrity sha512-y+WKFlBR8BGXnsNlIHFGPZmyDf3DFMoLhaflAnyZgV6rG6xu+JwesTo2Q9R6XwYmtmwAFCkAk3e35jEdoeh/3g==
    dependencies:
      err-code "^2.0.2"
      retry "^0.12.0"
  
  prompts-ncu@^2.5.1:
    version "2.5.1"
    resolved "https://registry.npmjs.org/prompts-ncu/-/prompts-ncu-2.5.1.tgz"
    integrity sha512-Hdd7GgV7b76Yh9FP9HL1D9xqtJCJdVPpiM2vDtuoc8W1KfweJe15gutFYmxkq83ViFaagFM8K0UcPCQ/tZq8bA==
    dependencies:
      kleur "^4.0.1"
      sisteransi "^1.0.5"
  
  proto-list@~1.2.1:
    version "1.2.4"
    resolved "https://registry.npmjs.org/proto-list/-/proto-list-1.2.4.tgz"
    integrity sha512-vtK/94akxsTMhe0/cbfpR+syPuszcuwhqVjJq26CuNDgFGj682oRBXOP5MJpv2r7JtE8MsiepGIqvvOTBwn2vA==
  
  pump@^3.0.0:
    version "3.0.0"
    resolved "https://registry.npmjs.org/pump/-/pump-3.0.0.tgz"
    integrity sha512-LwZy+p3SFs1Pytd/jYct4wpv49HiYCqd9Rlc5ZVdk0V+8Yzv6jR5Blk3TRmPL1ft69TxP0IMZGJ+WPFU2BFhww==
    dependencies:
      end-of-stream "^1.1.0"
      once "^1.3.1"
  
  pupa@^3.1.0:
    version "3.1.0"
    resolved "https://registry.npmjs.org/pupa/-/pupa-3.1.0.tgz"
    integrity sha512-FLpr4flz5xZTSJxSeaheeMKN/EDzMdK7b8PTOC6a5PYFKTucWbdqjgqaEyH0shFiSJrVB1+Qqi4Tk19ccU6Aug==
    dependencies:
      escape-goat "^4.0.0"
  
  queue-microtask@^1.2.2:
    version "1.2.3"
    resolved "https://registry.npmjs.org/queue-microtask/-/queue-microtask-1.2.3.tgz"
    integrity sha512-NuaNSa6flKT5JaSYQzJok04JzTL1CA6aGhv5rfLW3PgqA+M2ChpZQnAC8h8i4ZFkBS8X5RqkDBHA7r4hej3K9A==
  
  quick-lru@^5.1.1:
    version "5.1.1"
    resolved "https://registry.npmjs.org/quick-lru/-/quick-lru-5.1.1.tgz"
    integrity sha512-WuyALRjWPDGtt/wzJiadO5AXY+8hZ80hVpe6MyivgraREW751X3SbhRvG3eLKOYN+8VEvqLcf3wdnt44Z4S4SA==
  
  rc-config-loader@^4.1.0:
    version "4.1.0"
    resolved "https://registry.npmjs.org/rc-config-loader/-/rc-config-loader-4.1.0.tgz"
    integrity sha512-aW+kX4qy0CiM9L4fG4Us3oEOpIrOrXzWykAn+xldD07Y9PXWjTH744oHbv0Kc9ZwWaylw3jMjxaf14RgStrNrA==
    dependencies:
      debug "^4.1.1"
      js-yaml "^4.0.0"
      json5 "^2.1.2"
      require-from-string "^2.0.2"
  
  rc@1.2.8:
    version "1.2.8"
    resolved "https://registry.npmjs.org/rc/-/rc-1.2.8.tgz"
    integrity sha512-y3bGgqKj3QBdxLbLkomlohkvsA8gdAiUQlSBJnBhfn+BPxg4bc62d8TcBW15wavDfgexCgccckhcZvywyQYPOw==
    dependencies:
      deep-extend "^0.6.0"
      ini "~1.3.0"
      minimist "^1.2.0"
      strip-json-comments "~2.0.1"
  
  read-package-json-fast@^2.0.3:
    version "2.0.3"
    resolved "https://registry.npmjs.org/read-package-json-fast/-/read-package-json-fast-2.0.3.tgz"
    integrity sha512-W/BKtbL+dUjTuRL2vziuYhp76s5HZ9qQhd/dKfWIZveD0O40453QNyZhC0e63lqZrAQ4jiOapVoeJ7JrszenQQ==
    dependencies:
      json-parse-even-better-errors "^2.3.0"
      npm-normalize-package-bin "^1.0.1"
  
  read-package-json@^5.0.0:
    version "5.0.1"
    resolved "https://registry.npmjs.org/read-package-json/-/read-package-json-5.0.1.tgz"
    integrity sha512-MALHuNgYWdGW3gKzuNMuYtcSSZbGQm94fAp16xt8VsYTLBjUSc55bLMKe6gzpWue0Tfi6CBgwCSdDAqutGDhMg==
    dependencies:
      glob "^8.0.1"
      json-parse-even-better-errors "^2.3.1"
      normalize-package-data "^4.0.0"
      npm-normalize-package-bin "^1.0.1"
  
  readable-stream@^3.6.0:
    version "3.6.0"
    resolved "https://registry.npmjs.org/readable-stream/-/readable-stream-3.6.0.tgz"
    integrity sha512-BViHy7LKeTz4oNnkcLJ+lVSL6vpiFeX6/d3oSH8zCW7UxP2onchk+vTGB143xuFjHS3deTgkKoXXymXqymiIdA==
    dependencies:
      inherits "^2.0.3"
      string_decoder "^1.1.1"
      util-deprecate "^1.0.1"
  
  registry-auth-token@^5.0.1:
    version "5.0.1"
    resolved "https://registry.npmjs.org/registry-auth-token/-/registry-auth-token-5.0.1.tgz"
    integrity sha512-UfxVOj8seK1yaIOiieV4FIP01vfBDLsY0H9sQzi9EbbUdJiuuBjJgLa1DpImXMNPnVkBD4eVxTEXcrZA6kfpJA==
    dependencies:
      "@pnpm/npm-conf" "^1.0.4"
  
  registry-url@^6.0.0:
    version "6.0.1"
    resolved "https://registry.npmjs.org/registry-url/-/registry-url-6.0.1.tgz"
    integrity sha512-+crtS5QjFRqFCoQmvGduwYWEBng99ZvmFvF+cUJkGYF1L1BfU8C6Zp9T7f5vPAwyLkUExpvK+ANVZmGU49qi4Q==
    dependencies:
      rc "1.2.8"
  
  remote-git-tags@^3.0.0:
    version "3.0.0"
    resolved "https://registry.npmjs.org/remote-git-tags/-/remote-git-tags-3.0.0.tgz"
    integrity sha512-C9hAO4eoEsX+OXA4rla66pXZQ+TLQ8T9dttgQj18yuKlPMTVkIkdYXvlMC55IuUsIkV6DpmQYi10JKFLaU+l7w==
  
  require-from-string@^2.0.2:
    version "2.0.2"
    resolved "https://registry.npmjs.org/require-from-string/-/require-from-string-2.0.2.tgz"
    integrity sha512-Xf0nWe6RseziFMu+Ap9biiUbmplq6S9/p+7w7YXP/JBHhrUDDUhwa+vANyubuqfZWTveU//DYVGsDG7RKL/vEw==
  
  resolve-alpn@^1.2.0:
    version "1.2.1"
    resolved "https://registry.npmjs.org/resolve-alpn/-/resolve-alpn-1.2.1.tgz"
    integrity sha512-0a1F4l73/ZFZOakJnQ3FvkJ2+gSTQWz/r2KE5OdDY0TxPm5h4GkqkWWfM47T7HsbnOtcJVEF4epCVy6u7Q3K+g==
  
  responselike@^2.0.0:
    version "2.0.0"
    resolved "https://registry.npmjs.org/responselike/-/responselike-2.0.0.tgz"
    integrity sha512-xH48u3FTB9VsZw7R+vvgaKeLKzT6jOogbQhEe/jewwnZgzPcnyWui2Av6JpoYZF/91uueC+lqhWqeURw5/qhCw==
    dependencies:
      lowercase-keys "^2.0.0"
  
  retry@^0.12.0:
    version "0.12.0"
    resolved "https://registry.npmjs.org/retry/-/retry-0.12.0.tgz"
    integrity sha512-9LkiTwjUh6rT555DtE9rTX+BKByPfrMzEAtnlEtdEwr3Nkffwiihqe2bWADg+OQRjt9gl6ICdmB/ZFDCGAtSow==
  
  reusify@^1.0.4:
    version "1.0.4"
    resolved "https://registry.npmjs.org/reusify/-/reusify-1.0.4.tgz"
    integrity sha512-U9nH88a3fc/ekCF1l0/UP1IosiuIjyTh7hBvXVMHYgVcfGvt897Xguj2UOLDeI5BG2m7/uwyaLVT6fbtCwTyzw==
  
  rimraf@^3.0.2:
    version "3.0.2"
    resolved "https://registry.npmjs.org/rimraf/-/rimraf-3.0.2.tgz"
    integrity sha512-JZkJMZkAGFFPP2YqXZXPbMlMBgsxzE8ILs4lMIX/2o0L9UBw9O/Y3o6wFw/i9YLapcUJWwqbi3kdxIPdC62TIA==
    dependencies:
      glob "^7.1.3"
  
  run-parallel@^1.1.9:
    version "1.2.0"
    resolved "https://registry.npmjs.org/run-parallel/-/run-parallel-1.2.0.tgz"
    integrity sha512-5l4VyZR86LZ/lDxZTR6jqL8AFE2S0IFLMP26AbjsLVADxHdhB/c0GUsH+y39UfCi3dzz8OlQuPmnaJOMoDHQBA==
    dependencies:
      queue-microtask "^1.2.2"
  
  safe-buffer@~5.2.0:
    version "5.2.1"
    resolved "https://registry.npmjs.org/safe-buffer/-/safe-buffer-5.2.1.tgz"
    integrity sha512-rp3So07KcdmmKbGvgaNxQSJr7bGVSVk5S9Eq1F+ppbRo70+YeaDxkw5Dd8NPN+GD6bjnYm2VuPuCXmpuYvmCXQ==
  
  "safer-buffer@>= 2.1.2 < 3.0.0":
    version "2.1.2"
    resolved "https://registry.npmjs.org/safer-buffer/-/safer-buffer-2.1.2.tgz"
    integrity sha512-YZo3K82SD7Riyi0E1EQPojLz7kpepnSQI9IyPbHHg1XXXevb5dJI7tpyN2ADxGcQbHG7vcyRHk0cbwqcQriUtg==
  
  semver-diff@^4.0.0:
    version "4.0.0"
    resolved "https://registry.npmjs.org/semver-diff/-/semver-diff-4.0.0.tgz"
    integrity sha512-0Ju4+6A8iOnpL/Thra7dZsSlOHYAHIeMxfhWQRI1/VLcT3WDBZKKtQt/QkBOsiIN9ZpuvHE6cGZ0x4glCMmfiA==
    dependencies:
      semver "^7.3.5"
  
  semver-utils@^1.1.4:
    version "1.1.4"
    resolved "https://registry.npmjs.org/semver-utils/-/semver-utils-1.1.4.tgz"
    integrity sha512-EjnoLE5OGmDAVV/8YDoN5KiajNadjzIp9BAHOhYeQHt7j0UWxjmgsx4YD48wp4Ue1Qogq38F1GNUJNqF1kKKxA==
  
  semver@^7.0.0, semver@^7.1.1, semver@^7.3.5, semver@^7.3.7:
    version "7.3.7"
    resolved "https://registry.npmjs.org/semver/-/semver-7.3.7.tgz"
    integrity sha512-QlYTucUYOews+WeEujDoEGziz4K6c47V/Bd+LjSSYcA94p+DmINdf7ncaUinThfvZyu13lN9OY1XDxt8C0Tw0g==
    dependencies:
      lru-cache "^6.0.0"
  
  set-blocking@^2.0.0:
    version "2.0.0"
    resolved "https://registry.npmjs.org/set-blocking/-/set-blocking-2.0.0.tgz"
    integrity sha512-KiKBS8AnWGEyLzofFfmvKwpdPzqiy16LvQfK3yv/fVH7Bj13/wl3JSR1J+rfgRE9q7xUJK4qvgS8raSOeLUehw==
  
  signal-exit@^3.0.2, signal-exit@^3.0.7:
    version "3.0.7"
    resolved "https://registry.npmjs.org/signal-exit/-/signal-exit-3.0.7.tgz"
    integrity sha512-wnD2ZE+l+SPC/uoS0vXeE9L1+0wuaMqKlfz9AMUo38JsyLSBWSFcHR1Rri62LZc12vLr1gb3jl7iwQhgwpAbGQ==
  
  sisteransi@^1.0.5:
    version "1.0.5"
    resolved "https://registry.npmjs.org/sisteransi/-/sisteransi-1.0.5.tgz"
    integrity sha512-bLGGlR1QxBcynn2d5YmDX4MGjlZvy2MRBDRNHLJ8VI6l6+9FUiyTFNJ0IveOSP0bcXgVDPRcfGqA0pjaqUpfVg==
  
  slash@^3.0.0:
    version "3.0.0"
    resolved "https://registry.npmjs.org/slash/-/slash-3.0.0.tgz"
    integrity sha512-g9Q1haeby36OSStwb4ntCGGGaKsaVSjQ68fBxoQcutl5fS1vuY18H3wSt3jFyFtrkx+Kz0V1G85A4MyAdDMi2Q==
  
  smart-buffer@^4.2.0:
    version "4.2.0"
    resolved "https://registry.npmjs.org/smart-buffer/-/smart-buffer-4.2.0.tgz"
    integrity sha512-94hK0Hh8rPqQl2xXc3HsaBoOXKV20MToPkcXvwbISWLEs+64sBq5kFgn2kJDHb1Pry9yrP0dxrCI9RRci7RXKg==
  
  socks-proxy-agent@^7.0.0:
    version "7.0.0"
    resolved "https://registry.npmjs.org/socks-proxy-agent/-/socks-proxy-agent-7.0.0.tgz"
    integrity sha512-Fgl0YPZ902wEsAyiQ+idGd1A7rSFx/ayC1CQVMw5P+EQx2V0SgpGtf6OKFhVjPflPUl9YMmEOnmfjCdMUsygww==
    dependencies:
      agent-base "^6.0.2"
      debug "^4.3.3"
      socks "^2.6.2"
  
  socks@^2.6.2:
    version "2.6.2"
    resolved "https://registry.npmjs.org/socks/-/socks-2.6.2.tgz"
    integrity sha512-zDZhHhZRY9PxRruRMR7kMhnf3I8hDs4S3f9RecfnGxvcBHQcKcIH/oUcEWffsfl1XxdYlA7nnlGbbTvPz9D8gA==
    dependencies:
      ip "^1.1.5"
      smart-buffer "^4.2.0"
  
  source-map-support@^0.5.21:
    version "0.5.21"
    resolved "https://registry.npmjs.org/source-map-support/-/source-map-support-0.5.21.tgz"
    integrity sha512-uBHU3L3czsIyYXKX88fdrGovxdSCoTGDRZ6SYXtSRxLZUzHg5P/66Ht6uoUlHu9EZod+inXhKo3qQgwXUT/y1w==
    dependencies:
      buffer-from "^1.0.0"
      source-map "^0.6.0"
  
  source-map@^0.6.0:
    version "0.6.1"
    resolved "https://registry.npmjs.org/source-map/-/source-map-0.6.1.tgz"
    integrity sha512-UjgapumWlbMhkBgzT7Ykc5YXUT46F0iKu8SGXq0bcwP5dz/h0Plj6enJqjz1Zbq2l5WaqYnrVbwWOWMyF3F47g==
  
  spawn-please@^1.0.0:
    version "1.0.0"
    resolved "https://registry.npmjs.org/spawn-please/-/spawn-please-1.0.0.tgz"
    integrity sha512-Kz33ip6NRNKuyTRo3aDWyWxeGeM0ORDO552Fs6E1nj4pLWPkl37SrRtTnq+MEopVaqgmaO6bAvVS+v64BJ5M/A==
  
  spdx-correct@^3.0.0:
    version "3.1.1"
    resolved "https://registry.npmjs.org/spdx-correct/-/spdx-correct-3.1.1.tgz"
    integrity sha512-cOYcUWwhCuHCXi49RhFRCyJEK3iPj1Ziz9DpViV3tbZOwXD49QzIN3MpOLJNxh2qwq2lJJZaKMVw9qNi4jTC0w==
    dependencies:
      spdx-expression-parse "^3.0.0"
      spdx-license-ids "^3.0.0"
  
  spdx-exceptions@^2.1.0:
    version "2.3.0"
    resolved "https://registry.npmjs.org/spdx-exceptions/-/spdx-exceptions-2.3.0.tgz"
    integrity sha512-/tTrYOC7PPI1nUAgx34hUpqXuyJG+DTHJTnIULG4rDygi4xu/tfgmq1e1cIRwRzwZgo4NLySi+ricLkZkw4i5A==
  
  spdx-expression-parse@^3.0.0:
    version "3.0.1"
    resolved "https://registry.npmjs.org/spdx-expression-parse/-/spdx-expression-parse-3.0.1.tgz"
    integrity sha512-cbqHunsQWnJNE6KhVSMsMeH5H/L9EpymbzqTQ3uLwNCLZ1Q481oWaofqH7nO6V07xlXwY6PhQdQ2IedWx/ZK4Q==
    dependencies:
      spdx-exceptions "^2.1.0"
      spdx-license-ids "^3.0.0"
  
  spdx-license-ids@^3.0.0:
    version "3.0.11"
    resolved "https://registry.npmjs.org/spdx-license-ids/-/spdx-license-ids-3.0.11.tgz"
    integrity sha512-Ctl2BrFiM0X3MANYgj3CkygxhRmr9mi6xhejbdO960nF6EDJApTYpn0BQnDKlnNBULKiCN1n3w9EBkHK8ZWg+g==
  
  ssri@^9.0.0:
    version "9.0.1"
    resolved "https://registry.npmjs.org/ssri/-/ssri-9.0.1.tgz"
    integrity sha512-o57Wcn66jMQvfHG1FlYbWeZWW/dHZhJXjpIcTfXldXEk5nz5lStPo3mK0OJQfGR3RbZUlbISexbljkJzuEj/8Q==
    dependencies:
      minipass "^3.1.1"
  
  "string-width@^1.0.2 || 2 || 3 || 4", string-width@^4.1.0, string-width@^4.2.3:
    version "4.2.3"
    resolved "https://registry.npmjs.org/string-width/-/string-width-4.2.3.tgz"
    integrity sha512-wKyQRQpjJ0sIp62ErSZdGsjMJWsap5oRNihHhu6G7JVO/9jIB6UyevL+tXuOqrng8j/cxKTWyWUwvSTriiZz/g==
    dependencies:
      emoji-regex "^8.0.0"
      is-fullwidth-code-point "^3.0.0"
      strip-ansi "^6.0.1"
  
  string-width@^5.0.1, string-width@^5.1.2:
    version "5.1.2"
    resolved "https://registry.npmjs.org/string-width/-/string-width-5.1.2.tgz"
    integrity sha512-HnLOCR3vjcY8beoNLtcjZ5/nxn2afmME6lhrDrebokqMap+XbeW8n9TXpPDOqdGK5qcI3oT0GKTW6wC7EMiVqA==
    dependencies:
      eastasianwidth "^0.2.0"
      emoji-regex "^9.2.2"
      strip-ansi "^7.0.1"
  
  string_decoder@^1.1.1:
    version "1.3.0"
    resolved "https://registry.npmjs.org/string_decoder/-/string_decoder-1.3.0.tgz"
    integrity sha512-hkRX8U1WjJFd8LsDJ2yQ/wWWxaopEsABU1XfkM8A+j0+85JAGppt16cr1Whg6KIbb4okU6Mql6BOj+uup/wKeA==
    dependencies:
      safe-buffer "~5.2.0"
  
  strip-ansi@^6.0.1:
    version "6.0.1"
    resolved "https://registry.npmjs.org/strip-ansi/-/strip-ansi-6.0.1.tgz"
    integrity sha512-Y38VPSHcqkFrCpFnQ9vuSXmquuv5oXOKpGeT6aGrr3o3Gc9AlVa6JBfUSOCnbxGGZF+/0ooI7KrPuUSztUdU5A==
    dependencies:
      ansi-regex "^5.0.1"
  
  strip-ansi@^7.0.1:
    version "7.0.1"
    resolved "https://registry.npmjs.org/strip-ansi/-/strip-ansi-7.0.1.tgz"
    integrity sha512-cXNxvT8dFNRVfhVME3JAe98mkXDYN2O1l7jmcwMnOslDeESg1rF/OZMtK0nRAhiari1unG5cD4jG3rapUAkLbw==
    dependencies:
      ansi-regex "^6.0.1"
  
  strip-json-comments@~2.0.1:
    version "2.0.1"
    resolved "https://registry.npmjs.org/strip-json-comments/-/strip-json-comments-2.0.1.tgz"
    integrity sha512-4gB8na07fecVVkOI6Rs4e7T6NOTki5EmL7TUduTs6bu3EdnSycntVJ4re8kgZA+wx9IueI2Y11bfbgwtzuE0KQ==
  
  tar@^6.1.11, tar@^6.1.2:
    version "6.1.11"
    resolved "https://registry.npmjs.org/tar/-/tar-6.1.11.tgz"
    integrity sha512-an/KZQzQUkZCkuoAA64hM92X0Urb6VpRhAFllDzz44U2mcD5scmT3zBc4VgVpkugF580+DQn8eAFSyoQt0tznA==
    dependencies:
      chownr "^2.0.0"
      fs-minipass "^2.0.0"
      minipass "^3.0.0"
      minizlib "^2.1.1"
      mkdirp "^1.0.3"
      yallist "^4.0.0"
  
  to-regex-range@^5.0.1:
    version "5.0.1"
    resolved "https://registry.npmjs.org/to-regex-range/-/to-regex-range-5.0.1.tgz"
    integrity sha512-65P7iz6X5yEr1cwcgvQxbbIw7Uk3gOy5dIdtZ4rDveLqhrdJP+Li/Hx6tyK0NEb+2GCyneCMJiGqrADCSNk8sQ==
    dependencies:
      is-number "^7.0.0"
  
  type-fest@^1.0.1:
    version "1.4.0"
    resolved "https://registry.npmjs.org/type-fest/-/type-fest-1.4.0.tgz"
    integrity sha512-yGSza74xk0UG8k+pLh5oeoYirvIiWo5t0/o3zHHAO2tRDiZcxWP7fywNlXhqb6/r6sWvwi+RsyQMWhVLe4BVuA==
  
  type-fest@^2.13.0:
    version "2.16.0"
    resolved "https://registry.npmjs.org/type-fest/-/type-fest-2.16.0.tgz"
    integrity sha512-qpaThT2HQkFb83gMOrdKVsfCN7LKxP26Yq+smPzY1FqoHRjqmjqHXA7n5Gkxi8efirtbeEUxzfEdePthQWCuHw==
  
  typedarray-to-buffer@^3.1.5:
    version "3.1.5"
    resolved "https://registry.npmjs.org/typedarray-to-buffer/-/typedarray-to-buffer-3.1.5.tgz"
    integrity sha512-zdu8XMNEDepKKR+XYOXAVPtWui0ly0NtohUscw+UmaHiAWT8hrV1rr//H6V+0DvJ3OQ19S979M0laLfX8rm82Q==
    dependencies:
      is-typedarray "^1.0.0"
  
  unique-filename@^1.1.1:
    version "1.1.1"
    resolved "https://registry.npmjs.org/unique-filename/-/unique-filename-1.1.1.tgz"
    integrity sha512-Vmp0jIp2ln35UTXuryvjzkjGdRyf9b2lTXuSYUiPmzRcl3FDtYqAwOnTJkAngD9SWhnoJzDbTKwaOrZ+STtxNQ==
    dependencies:
      unique-slug "^2.0.0"
  
  unique-slug@^2.0.0:
    version "2.0.2"
    resolved "https://registry.npmjs.org/unique-slug/-/unique-slug-2.0.2.tgz"
    integrity sha512-zoWr9ObaxALD3DOPfjPSqxt4fnZiWblxHIgeWqW8x7UqDzEtHEQLzji2cuJYQFCU6KmoJikOYAZlrTHHebjx2w==
    dependencies:
      imurmurhash "^0.1.4"
  
  unique-string@^3.0.0:
    version "3.0.0"
    resolved "https://registry.npmjs.org/unique-string/-/unique-string-3.0.0.tgz"
    integrity sha512-VGXBUVwxKMBUznyffQweQABPRRW1vHZAbadFZud4pLFAqRGvv/96vafgjWFqzourzr8YonlQiPgH0YCJfawoGQ==
    dependencies:
      crypto-random-string "^4.0.0"
  
  update-notifier@^6.0.2:
    version "6.0.2"
    resolved "https://registry.npmjs.org/update-notifier/-/update-notifier-6.0.2.tgz"
    integrity sha512-EDxhTEVPZZRLWYcJ4ZXjGFN0oP7qYvbXWzEgRm/Yql4dHX5wDbvh89YHP6PK1lzZJYrMtXUuZZz8XGK+U6U1og==
    dependencies:
      boxen "^7.0.0"
      chalk "^5.0.1"
      configstore "^6.0.0"
      has-yarn "^3.0.0"
      import-lazy "^4.0.0"
      is-ci "^3.0.1"
      is-installed-globally "^0.4.0"
      is-npm "^6.0.0"
      is-yarn-global "^0.4.0"
      latest-version "^7.0.0"
      pupa "^3.1.0"
      semver "^7.3.7"
      semver-diff "^4.0.0"
      xdg-basedir "^5.1.0"
  
  util-deprecate@^1.0.1:
    version "1.0.2"
    resolved "https://registry.npmjs.org/util-deprecate/-/util-deprecate-1.0.2.tgz"
    integrity sha512-EPD5q1uXyFxJpCrLnCc1nHnq3gOa6DZBocAIiI2TaSCA7VCJ1UJDMagCzIkXNsUYfD1daK//LTEQ8xiIbrHtcw==
  
  validate-npm-package-license@^3.0.4:
    version "3.0.4"
    resolved "https://registry.npmjs.org/validate-npm-package-license/-/validate-npm-package-license-3.0.4.tgz"
    integrity sha512-DpKm2Ui/xN7/HQKCtpZxoRWBhZ9Z0kqtygG8XCgNQ8ZlDnxuQmWhj566j8fN4Cu3/JmbhsDo7fcAJq4s9h27Ew==
    dependencies:
      spdx-correct "^3.0.0"
      spdx-expression-parse "^3.0.0"
  
  validate-npm-package-name@^4.0.0:
    version "4.0.0"
    resolved "https://registry.npmjs.org/validate-npm-package-name/-/validate-npm-package-name-4.0.0.tgz"
    integrity sha512-mzR0L8ZDktZjpX4OB46KT+56MAhl4EIazWP/+G/HPGuvfdaqg4YsCdtOm6U9+LOFyYDoh4dpnpxZRB9MQQns5Q==
    dependencies:
      builtins "^5.0.0"
  
  which@^2.0.2:
    version "2.0.2"
    resolved "https://registry.npmjs.org/which/-/which-2.0.2.tgz"
    integrity sha512-BLI3Tl1TW3Pvl70l3yq3Y64i+awpwXqsGBYWkkqMtnbXgrMD+yj7rhW0kuEDxzJaYXGjEW5ogapKNMEKNMjibA==
    dependencies:
      isexe "^2.0.0"
  
  wide-align@^1.1.5:
    version "1.1.5"
    resolved "https://registry.npmjs.org/wide-align/-/wide-align-1.1.5.tgz"
    integrity sha512-eDMORYaPNZ4sQIuuYPDHdQvf4gyCF9rEEV/yPxGfwPkRodwEgiMUUXTx/dex+Me0wxx53S+NgUHaP7y3MGlDmg==
    dependencies:
      string-width "^1.0.2 || 2 || 3 || 4"
  
  widest-line@^4.0.1:
    version "4.0.1"
    resolved "https://registry.npmjs.org/widest-line/-/widest-line-4.0.1.tgz"
    integrity sha512-o0cyEG0e8GPzT4iGHphIOh0cJOV8fivsXxddQasHPHfoZf1ZexrfeA21w2NaEN1RHE+fXlfISmOE8R9N3u3Qig==
    dependencies:
      string-width "^5.0.1"
  
  wrap-ansi@^8.0.1:
    version "8.0.1"
    resolved "https://registry.npmjs.org/wrap-ansi/-/wrap-ansi-8.0.1.tgz"
    integrity sha512-QFF+ufAqhoYHvoHdajT/Po7KoXVBPXS2bgjIam5isfWJPfIOnQZ50JtUiVvCv/sjgacf3yRrt2ZKUZ/V4itN4g==
    dependencies:
      ansi-styles "^6.1.0"
      string-width "^5.0.1"
      strip-ansi "^7.0.1"
  
  wrappy@1:
    version "1.0.2"
    resolved "https://registry.npmjs.org/wrappy/-/wrappy-1.0.2.tgz"
    integrity sha512-l4Sp/DRseor9wL6EvV2+TuQn63dMkPjZ/sp9XkghTEbV9KlPS1xUsZ3u7/IQO4wxtcFB4bgpQPRcR3QCvezPcQ==
  
  write-file-atomic@^3.0.3:
    version "3.0.3"
    resolved "https://registry.npmjs.org/write-file-atomic/-/write-file-atomic-3.0.3.tgz"
    integrity sha512-AvHcyZ5JnSfq3ioSyjrBkH9yW4m7Ayk8/9My/DD9onKeu/94fwrMocemO2QAJFAlnnDN+ZDS+ZjAR5ua1/PV/Q==
    dependencies:
      imurmurhash "^0.1.4"
      is-typedarray "^1.0.0"
      signal-exit "^3.0.2"
      typedarray-to-buffer "^3.1.5"
  
  xdg-basedir@^5.0.1, xdg-basedir@^5.1.0:
    version "5.1.0"
    resolved "https://registry.npmjs.org/xdg-basedir/-/xdg-basedir-5.1.0.tgz"
    integrity sha512-GCPAHLvrIH13+c0SuacwvRYj2SxJXQ4kaVTT5xgL3kPrz56XxkF21IGhjSE1+W0aw7gpBWRGXLCPnPby6lSpmQ==
  
  yallist@^4.0.0:
    version "4.0.0"
    resolved "https://registry.npmjs.org/yallist/-/yallist-4.0.0.tgz"
    integrity sha512-3wdGidZyq5PB084XLES5TpOSRA3wjXAlIWMhum2kRcv/41Sn2emQ0dycQW4uZXLejwKvg6EsvbdlVL+FYEct7A==
  
  yaml@^2.1.1:
    version "2.1.1"
    resolved "https://registry.npmjs.org/yaml/-/yaml-2.1.1.tgz"
    integrity sha512-o96x3OPo8GjWeSLF+wOAbrPfhFOGY0W00GNaxCDv+9hkcDJEnev1yh8S7pgHF0ik6zc8sQLuL8hjHjJULZp8bw==
  
  yocto-queue@^0.1.0:
    version "0.1.0"
    resolved "https://registry.npmjs.org/yocto-queue/-/yocto-queue-0.1.0.tgz"
    integrity sha512-rVksvsnNCdJ/ohGc6xgPwyN8eheCxsiLM8mxuE/t/mOVqJewPuO1miLpTHQiRgTKCLexL4MeAFVagts7HmNZ2Q==
